[2025-10-20T17:10:41.864+0000] {taskinstance.py:1083} INFO - Dependencies all met for <TaskInstance: Airflow_Lab1_HeartDisease.evaluate_model manual__2025-10-20T17:10:36.921213+00:00 [queued]>
[2025-10-20T17:10:41.867+0000] {taskinstance.py:1083} INFO - Dependencies all met for <TaskInstance: Airflow_Lab1_HeartDisease.evaluate_model manual__2025-10-20T17:10:36.921213+00:00 [queued]>
[2025-10-20T17:10:41.867+0000] {taskinstance.py:1279} INFO - 
--------------------------------------------------------------------------------
[2025-10-20T17:10:41.867+0000] {taskinstance.py:1280} INFO - Starting attempt 1 of 2
[2025-10-20T17:10:41.867+0000] {taskinstance.py:1281} INFO - 
--------------------------------------------------------------------------------
[2025-10-20T17:10:41.873+0000] {taskinstance.py:1300} INFO - Executing <Task(PythonOperator): evaluate_model> on 2025-10-20 17:10:36.921213+00:00
[2025-10-20T17:10:41.876+0000] {standard_task_runner.py:55} INFO - Started process 139 to run task
[2025-10-20T17:10:41.877+0000] {standard_task_runner.py:82} INFO - Running: ['***', 'tasks', 'run', 'Airflow_Lab1_HeartDisease', 'evaluate_model', 'manual__2025-10-20T17:10:36.921213+00:00', '--job-id', '50', '--raw', '--subdir', 'DAGS_FOLDER/***.py', '--cfg-path', '/tmp/tmp_o1nood5']
[2025-10-20T17:10:41.877+0000] {standard_task_runner.py:83} INFO - Job 50: Subtask evaluate_model
[2025-10-20T17:10:41.898+0000] {task_command.py:388} INFO - Running <TaskInstance: Airflow_Lab1_HeartDisease.evaluate_model manual__2025-10-20T17:10:36.921213+00:00 [running]> on host e1d6f0694ad7
[2025-10-20T17:10:41.921+0000] {taskinstance.py:1509} INFO - Exporting the following env vars:
AIRFLOW_CTX_DAG_OWNER=gnanasudharsan
AIRFLOW_CTX_DAG_ID=Airflow_Lab1_HeartDisease
AIRFLOW_CTX_TASK_ID=evaluate_model
AIRFLOW_CTX_EXECUTION_DATE=2025-10-20T17:10:36.921213+00:00
AIRFLOW_CTX_TRY_NUMBER=1
AIRFLOW_CTX_DAG_RUN_ID=manual__2025-10-20T17:10:36.921213+00:00
[2025-10-20T17:10:41.925+0000] {logging_mixin.py:137} INFO - ✅ Model Evaluation Complete. Silhouette Score: 0.011451182232361821
[2025-10-20T17:10:41.926+0000] {python.py:177} INFO - Done. Returned value was: None
[2025-10-20T17:10:41.936+0000] {taskinstance.py:1323} INFO - Marking task as SUCCESS. dag_id=Airflow_Lab1_HeartDisease, task_id=evaluate_model, execution_date=20251020T171036, start_date=20251020T171041, end_date=20251020T171041
[2025-10-20T17:10:41.977+0000] {local_task_job.py:208} INFO - Task exited with return code 0
[2025-10-20T17:10:41.984+0000] {taskinstance.py:2578} INFO - 0 downstream tasks scheduled from follow-on schedule check
