[2025-10-20T17:10:40.709+0000] {taskinstance.py:1083} INFO - Dependencies all met for <TaskInstance: Airflow_Lab1_HeartDisease.build_save_model manual__2025-10-20T17:10:36.921213+00:00 [queued]>
[2025-10-20T17:10:40.712+0000] {taskinstance.py:1083} INFO - Dependencies all met for <TaskInstance: Airflow_Lab1_HeartDisease.build_save_model manual__2025-10-20T17:10:36.921213+00:00 [queued]>
[2025-10-20T17:10:40.712+0000] {taskinstance.py:1279} INFO - 
--------------------------------------------------------------------------------
[2025-10-20T17:10:40.712+0000] {taskinstance.py:1280} INFO - Starting attempt 1 of 2
[2025-10-20T17:10:40.712+0000] {taskinstance.py:1281} INFO - 
--------------------------------------------------------------------------------
[2025-10-20T17:10:40.717+0000] {taskinstance.py:1300} INFO - Executing <Task(PythonOperator): build_save_model> on 2025-10-20 17:10:36.921213+00:00
[2025-10-20T17:10:40.720+0000] {standard_task_runner.py:55} INFO - Started process 136 to run task
[2025-10-20T17:10:40.721+0000] {standard_task_runner.py:82} INFO - Running: ['***', 'tasks', 'run', 'Airflow_Lab1_HeartDisease', 'build_save_model', 'manual__2025-10-20T17:10:36.921213+00:00', '--job-id', '49', '--raw', '--subdir', 'DAGS_FOLDER/***.py', '--cfg-path', '/tmp/tmptd16bpy5']
[2025-10-20T17:10:40.721+0000] {standard_task_runner.py:83} INFO - Job 49: Subtask build_save_model
[2025-10-20T17:10:40.741+0000] {task_command.py:388} INFO - Running <TaskInstance: Airflow_Lab1_HeartDisease.build_save_model manual__2025-10-20T17:10:36.921213+00:00 [running]> on host e1d6f0694ad7
[2025-10-20T17:10:40.765+0000] {taskinstance.py:1509} INFO - Exporting the following env vars:
AIRFLOW_CTX_DAG_OWNER=gnanasudharsan
AIRFLOW_CTX_DAG_ID=Airflow_Lab1_HeartDisease
AIRFLOW_CTX_TASK_ID=build_save_model
AIRFLOW_CTX_EXECUTION_DATE=2025-10-20T17:10:36.921213+00:00
AIRFLOW_CTX_TRY_NUMBER=1
AIRFLOW_CTX_DAG_RUN_ID=manual__2025-10-20T17:10:36.921213+00:00
[2025-10-20T17:10:40.771+0000] {logging_mixin.py:137} INFO - ✅ Model trained and saved at: /opt/***/dags/models/dbscan_model.pkl
[2025-10-20T17:10:40.772+0000] {python.py:177} INFO - Done. Returned value was: None
[2025-10-20T17:10:40.775+0000] {taskinstance.py:1323} INFO - Marking task as SUCCESS. dag_id=Airflow_Lab1_HeartDisease, task_id=build_save_model, execution_date=20251020T171036, start_date=20251020T171040, end_date=20251020T171040
[2025-10-20T17:10:40.820+0000] {local_task_job.py:208} INFO - Task exited with return code 0
[2025-10-20T17:10:40.829+0000] {taskinstance.py:2578} INFO - 1 downstream tasks scheduled from follow-on schedule check
