[2025-10-20T16:17:11.467+0000] {processor.py:153} INFO - Started process (PID=39) to work on /opt/airflow/dags/src/lab.py
[2025-10-20T16:17:11.469+0000] {processor.py:743} INFO - Processing file /opt/airflow/dags/src/lab.py for tasks to queue
[2025-10-20T16:17:11.471+0000] {logging_mixin.py:137} INFO - [2025-10-20T16:17:11.471+0000] {dagbag.py:538} INFO - Filling up the DagBag from /opt/airflow/dags/src/lab.py
[2025-10-20T16:17:12.233+0000] {processor.py:755} WARNING - No viable dags retrieved from /opt/airflow/dags/src/lab.py
[2025-10-20T16:17:12.241+0000] {processor.py:175} INFO - Processing /opt/airflow/dags/src/lab.py took 0.779 seconds
[2025-10-20T16:17:43.119+0000] {processor.py:153} INFO - Started process (PID=136) to work on /opt/airflow/dags/src/lab.py
[2025-10-20T16:17:43.120+0000] {processor.py:743} INFO - Processing file /opt/airflow/dags/src/lab.py for tasks to queue
[2025-10-20T16:17:43.121+0000] {logging_mixin.py:137} INFO - [2025-10-20T16:17:43.121+0000] {dagbag.py:538} INFO - Filling up the DagBag from /opt/airflow/dags/src/lab.py
[2025-10-20T16:17:43.435+0000] {processor.py:755} WARNING - No viable dags retrieved from /opt/airflow/dags/src/lab.py
[2025-10-20T16:17:43.442+0000] {processor.py:175} INFO - Processing /opt/airflow/dags/src/lab.py took 0.326 seconds
[2025-10-20T16:18:13.730+0000] {processor.py:153} INFO - Started process (PID=232) to work on /opt/airflow/dags/src/lab.py
[2025-10-20T16:18:13.731+0000] {processor.py:743} INFO - Processing file /opt/airflow/dags/src/lab.py for tasks to queue
[2025-10-20T16:18:13.733+0000] {logging_mixin.py:137} INFO - [2025-10-20T16:18:13.733+0000] {dagbag.py:538} INFO - Filling up the DagBag from /opt/airflow/dags/src/lab.py
[2025-10-20T16:18:13.995+0000] {processor.py:755} WARNING - No viable dags retrieved from /opt/airflow/dags/src/lab.py
[2025-10-20T16:18:14.000+0000] {processor.py:175} INFO - Processing /opt/airflow/dags/src/lab.py took 0.272 seconds
[2025-10-20T16:18:44.217+0000] {processor.py:153} INFO - Started process (PID=310) to work on /opt/airflow/dags/src/lab.py
[2025-10-20T16:18:44.218+0000] {processor.py:743} INFO - Processing file /opt/airflow/dags/src/lab.py for tasks to queue
[2025-10-20T16:18:44.219+0000] {logging_mixin.py:137} INFO - [2025-10-20T16:18:44.218+0000] {dagbag.py:538} INFO - Filling up the DagBag from /opt/airflow/dags/src/lab.py
[2025-10-20T16:18:44.556+0000] {processor.py:755} WARNING - No viable dags retrieved from /opt/airflow/dags/src/lab.py
[2025-10-20T16:18:44.569+0000] {processor.py:175} INFO - Processing /opt/airflow/dags/src/lab.py took 0.354 seconds
[2025-10-20T16:19:15.119+0000] {processor.py:153} INFO - Started process (PID=407) to work on /opt/airflow/dags/src/lab.py
[2025-10-20T16:19:15.120+0000] {processor.py:743} INFO - Processing file /opt/airflow/dags/src/lab.py for tasks to queue
[2025-10-20T16:19:15.120+0000] {logging_mixin.py:137} INFO - [2025-10-20T16:19:15.120+0000] {dagbag.py:538} INFO - Filling up the DagBag from /opt/airflow/dags/src/lab.py
[2025-10-20T16:19:15.437+0000] {processor.py:755} WARNING - No viable dags retrieved from /opt/airflow/dags/src/lab.py
[2025-10-20T16:19:15.445+0000] {processor.py:175} INFO - Processing /opt/airflow/dags/src/lab.py took 0.332 seconds
[2025-10-20T16:19:45.894+0000] {processor.py:153} INFO - Started process (PID=504) to work on /opt/airflow/dags/src/lab.py
[2025-10-20T16:19:45.894+0000] {processor.py:743} INFO - Processing file /opt/airflow/dags/src/lab.py for tasks to queue
[2025-10-20T16:19:45.895+0000] {logging_mixin.py:137} INFO - [2025-10-20T16:19:45.895+0000] {dagbag.py:538} INFO - Filling up the DagBag from /opt/airflow/dags/src/lab.py
[2025-10-20T16:19:46.211+0000] {processor.py:755} WARNING - No viable dags retrieved from /opt/airflow/dags/src/lab.py
[2025-10-20T16:19:46.218+0000] {processor.py:175} INFO - Processing /opt/airflow/dags/src/lab.py took 0.327 seconds
[2025-10-20T16:20:16.523+0000] {processor.py:153} INFO - Started process (PID=601) to work on /opt/airflow/dags/src/lab.py
[2025-10-20T16:20:16.523+0000] {processor.py:743} INFO - Processing file /opt/airflow/dags/src/lab.py for tasks to queue
[2025-10-20T16:20:16.524+0000] {logging_mixin.py:137} INFO - [2025-10-20T16:20:16.524+0000] {dagbag.py:538} INFO - Filling up the DagBag from /opt/airflow/dags/src/lab.py
[2025-10-20T16:20:16.778+0000] {processor.py:755} WARNING - No viable dags retrieved from /opt/airflow/dags/src/lab.py
[2025-10-20T16:20:16.783+0000] {processor.py:175} INFO - Processing /opt/airflow/dags/src/lab.py took 0.262 seconds
[2025-10-20T16:20:47.075+0000] {processor.py:153} INFO - Started process (PID=698) to work on /opt/airflow/dags/src/lab.py
[2025-10-20T16:20:47.075+0000] {processor.py:743} INFO - Processing file /opt/airflow/dags/src/lab.py for tasks to queue
[2025-10-20T16:20:47.076+0000] {logging_mixin.py:137} INFO - [2025-10-20T16:20:47.076+0000] {dagbag.py:538} INFO - Filling up the DagBag from /opt/airflow/dags/src/lab.py
[2025-10-20T16:20:47.325+0000] {processor.py:755} WARNING - No viable dags retrieved from /opt/airflow/dags/src/lab.py
[2025-10-20T16:20:47.333+0000] {processor.py:175} INFO - Processing /opt/airflow/dags/src/lab.py took 0.261 seconds
[2025-10-20T16:21:17.577+0000] {processor.py:153} INFO - Started process (PID=777) to work on /opt/airflow/dags/src/lab.py
[2025-10-20T16:21:17.577+0000] {processor.py:743} INFO - Processing file /opt/airflow/dags/src/lab.py for tasks to queue
[2025-10-20T16:21:17.577+0000] {logging_mixin.py:137} INFO - [2025-10-20T16:21:17.577+0000] {dagbag.py:538} INFO - Filling up the DagBag from /opt/airflow/dags/src/lab.py
[2025-10-20T16:21:17.826+0000] {processor.py:755} WARNING - No viable dags retrieved from /opt/airflow/dags/src/lab.py
[2025-10-20T16:21:17.832+0000] {processor.py:175} INFO - Processing /opt/airflow/dags/src/lab.py took 0.257 seconds
[2025-10-20T16:21:48.141+0000] {processor.py:153} INFO - Started process (PID=874) to work on /opt/airflow/dags/src/lab.py
[2025-10-20T16:21:48.142+0000] {processor.py:743} INFO - Processing file /opt/airflow/dags/src/lab.py for tasks to queue
[2025-10-20T16:21:48.142+0000] {logging_mixin.py:137} INFO - [2025-10-20T16:21:48.142+0000] {dagbag.py:538} INFO - Filling up the DagBag from /opt/airflow/dags/src/lab.py
[2025-10-20T16:21:48.462+0000] {processor.py:755} WARNING - No viable dags retrieved from /opt/airflow/dags/src/lab.py
[2025-10-20T16:21:48.469+0000] {processor.py:175} INFO - Processing /opt/airflow/dags/src/lab.py took 0.329 seconds
[2025-10-20T16:22:18.818+0000] {processor.py:153} INFO - Started process (PID=971) to work on /opt/airflow/dags/src/lab.py
[2025-10-20T16:22:18.818+0000] {processor.py:743} INFO - Processing file /opt/airflow/dags/src/lab.py for tasks to queue
[2025-10-20T16:22:18.819+0000] {logging_mixin.py:137} INFO - [2025-10-20T16:22:18.819+0000] {dagbag.py:538} INFO - Filling up the DagBag from /opt/airflow/dags/src/lab.py
[2025-10-20T16:22:19.071+0000] {processor.py:755} WARNING - No viable dags retrieved from /opt/airflow/dags/src/lab.py
[2025-10-20T16:22:19.077+0000] {processor.py:175} INFO - Processing /opt/airflow/dags/src/lab.py took 0.262 seconds
[2025-10-20T16:22:21.119+0000] {processor.py:153} INFO - Started process (PID=1013) to work on /opt/airflow/dags/src/lab.py
[2025-10-20T16:22:21.120+0000] {processor.py:743} INFO - Processing file /opt/airflow/dags/src/lab.py for tasks to queue
[2025-10-20T16:22:21.120+0000] {logging_mixin.py:137} INFO - [2025-10-20T16:22:21.120+0000] {dagbag.py:538} INFO - Filling up the DagBag from /opt/airflow/dags/src/lab.py
[2025-10-20T16:22:21.385+0000] {processor.py:755} WARNING - No viable dags retrieved from /opt/airflow/dags/src/lab.py
[2025-10-20T16:22:21.389+0000] {processor.py:175} INFO - Processing /opt/airflow/dags/src/lab.py took 0.273 seconds
[2025-10-20T16:22:40.291+0000] {processor.py:153} INFO - Started process (PID=1051) to work on /opt/airflow/dags/src/lab.py
[2025-10-20T16:22:40.292+0000] {processor.py:743} INFO - Processing file /opt/airflow/dags/src/lab.py for tasks to queue
[2025-10-20T16:22:40.293+0000] {logging_mixin.py:137} INFO - [2025-10-20T16:22:40.293+0000] {dagbag.py:538} INFO - Filling up the DagBag from /opt/airflow/dags/src/lab.py
[2025-10-20T16:22:40.600+0000] {processor.py:755} WARNING - No viable dags retrieved from /opt/airflow/dags/src/lab.py
[2025-10-20T16:22:40.606+0000] {processor.py:175} INFO - Processing /opt/airflow/dags/src/lab.py took 0.319 seconds
[2025-10-20T16:23:09.908+0000] {processor.py:153} INFO - Started process (PID=1148) to work on /opt/airflow/dags/src/lab.py
[2025-10-20T16:23:09.909+0000] {processor.py:743} INFO - Processing file /opt/airflow/dags/src/lab.py for tasks to queue
[2025-10-20T16:23:09.909+0000] {logging_mixin.py:137} INFO - [2025-10-20T16:23:09.909+0000] {dagbag.py:538} INFO - Filling up the DagBag from /opt/airflow/dags/src/lab.py
[2025-10-20T16:23:10.203+0000] {processor.py:755} WARNING - No viable dags retrieved from /opt/airflow/dags/src/lab.py
[2025-10-20T16:23:10.207+0000] {processor.py:175} INFO - Processing /opt/airflow/dags/src/lab.py took 0.301 seconds
[2025-10-20T16:23:31.670+0000] {processor.py:153} INFO - Started process (PID=39) to work on /opt/airflow/dags/src/lab.py
[2025-10-20T16:23:31.671+0000] {processor.py:743} INFO - Processing file /opt/airflow/dags/src/lab.py for tasks to queue
[2025-10-20T16:23:31.672+0000] {logging_mixin.py:137} INFO - [2025-10-20T16:23:31.671+0000] {dagbag.py:538} INFO - Filling up the DagBag from /opt/airflow/dags/src/lab.py
[2025-10-20T16:23:32.411+0000] {processor.py:755} WARNING - No viable dags retrieved from /opt/airflow/dags/src/lab.py
[2025-10-20T16:23:32.425+0000] {processor.py:175} INFO - Processing /opt/airflow/dags/src/lab.py took 0.757 seconds
[2025-10-20T16:24:03.352+0000] {processor.py:153} INFO - Started process (PID=136) to work on /opt/airflow/dags/src/lab.py
[2025-10-20T16:24:03.353+0000] {processor.py:743} INFO - Processing file /opt/airflow/dags/src/lab.py for tasks to queue
[2025-10-20T16:24:03.354+0000] {logging_mixin.py:137} INFO - [2025-10-20T16:24:03.354+0000] {dagbag.py:538} INFO - Filling up the DagBag from /opt/airflow/dags/src/lab.py
[2025-10-20T16:24:03.643+0000] {processor.py:755} WARNING - No viable dags retrieved from /opt/airflow/dags/src/lab.py
[2025-10-20T16:24:03.651+0000] {processor.py:175} INFO - Processing /opt/airflow/dags/src/lab.py took 0.305 seconds
[2025-10-20T16:24:34.050+0000] {processor.py:153} INFO - Started process (PID=233) to work on /opt/airflow/dags/src/lab.py
[2025-10-20T16:24:34.051+0000] {processor.py:743} INFO - Processing file /opt/airflow/dags/src/lab.py for tasks to queue
[2025-10-20T16:24:34.052+0000] {logging_mixin.py:137} INFO - [2025-10-20T16:24:34.052+0000] {dagbag.py:538} INFO - Filling up the DagBag from /opt/airflow/dags/src/lab.py
[2025-10-20T16:24:34.323+0000] {processor.py:755} WARNING - No viable dags retrieved from /opt/airflow/dags/src/lab.py
[2025-10-20T16:24:34.328+0000] {processor.py:175} INFO - Processing /opt/airflow/dags/src/lab.py took 0.283 seconds
[2025-10-20T16:25:04.722+0000] {processor.py:153} INFO - Started process (PID=312) to work on /opt/airflow/dags/src/lab.py
[2025-10-20T16:25:04.723+0000] {processor.py:743} INFO - Processing file /opt/airflow/dags/src/lab.py for tasks to queue
[2025-10-20T16:25:04.724+0000] {logging_mixin.py:137} INFO - [2025-10-20T16:25:04.724+0000] {dagbag.py:538} INFO - Filling up the DagBag from /opt/airflow/dags/src/lab.py
[2025-10-20T16:25:05.043+0000] {processor.py:755} WARNING - No viable dags retrieved from /opt/airflow/dags/src/lab.py
[2025-10-20T16:25:05.056+0000] {processor.py:175} INFO - Processing /opt/airflow/dags/src/lab.py took 0.335 seconds
[2025-10-20T16:25:35.702+0000] {processor.py:153} INFO - Started process (PID=409) to work on /opt/airflow/dags/src/lab.py
[2025-10-20T16:25:35.703+0000] {processor.py:743} INFO - Processing file /opt/airflow/dags/src/lab.py for tasks to queue
[2025-10-20T16:25:35.704+0000] {logging_mixin.py:137} INFO - [2025-10-20T16:25:35.704+0000] {dagbag.py:538} INFO - Filling up the DagBag from /opt/airflow/dags/src/lab.py
[2025-10-20T16:25:35.974+0000] {processor.py:755} WARNING - No viable dags retrieved from /opt/airflow/dags/src/lab.py
[2025-10-20T16:25:35.980+0000] {processor.py:175} INFO - Processing /opt/airflow/dags/src/lab.py took 0.282 seconds
[2025-10-20T16:25:50.350+0000] {processor.py:153} INFO - Started process (PID=488) to work on /opt/airflow/dags/src/lab.py
[2025-10-20T16:25:50.350+0000] {processor.py:743} INFO - Processing file /opt/airflow/dags/src/lab.py for tasks to queue
[2025-10-20T16:25:50.351+0000] {logging_mixin.py:137} INFO - [2025-10-20T16:25:50.351+0000] {dagbag.py:538} INFO - Filling up the DagBag from /opt/airflow/dags/src/lab.py
[2025-10-20T16:25:50.625+0000] {processor.py:755} WARNING - No viable dags retrieved from /opt/airflow/dags/src/lab.py
[2025-10-20T16:25:50.630+0000] {processor.py:175} INFO - Processing /opt/airflow/dags/src/lab.py took 0.282 seconds
[2025-10-20T16:26:13.817+0000] {processor.py:153} INFO - Started process (PID=39) to work on /opt/airflow/dags/src/lab.py
[2025-10-20T16:26:13.820+0000] {processor.py:743} INFO - Processing file /opt/airflow/dags/src/lab.py for tasks to queue
[2025-10-20T16:26:13.821+0000] {logging_mixin.py:137} INFO - [2025-10-20T16:26:13.821+0000] {dagbag.py:538} INFO - Filling up the DagBag from /opt/airflow/dags/src/lab.py
[2025-10-20T16:26:14.721+0000] {processor.py:755} WARNING - No viable dags retrieved from /opt/airflow/dags/src/lab.py
[2025-10-20T16:26:14.734+0000] {processor.py:175} INFO - Processing /opt/airflow/dags/src/lab.py took 0.920 seconds
[2025-10-20T16:26:44.753+0000] {processor.py:153} INFO - Started process (PID=136) to work on /opt/airflow/dags/src/lab.py
[2025-10-20T16:26:44.753+0000] {processor.py:743} INFO - Processing file /opt/airflow/dags/src/lab.py for tasks to queue
[2025-10-20T16:26:44.754+0000] {logging_mixin.py:137} INFO - [2025-10-20T16:26:44.754+0000] {dagbag.py:538} INFO - Filling up the DagBag from /opt/airflow/dags/src/lab.py
[2025-10-20T16:26:45.167+0000] {processor.py:755} WARNING - No viable dags retrieved from /opt/airflow/dags/src/lab.py
[2025-10-20T16:26:45.178+0000] {processor.py:175} INFO - Processing /opt/airflow/dags/src/lab.py took 0.427 seconds
[2025-10-20T16:27:16.004+0000] {processor.py:153} INFO - Started process (PID=233) to work on /opt/airflow/dags/src/lab.py
[2025-10-20T16:27:16.004+0000] {processor.py:743} INFO - Processing file /opt/airflow/dags/src/lab.py for tasks to queue
[2025-10-20T16:27:16.005+0000] {logging_mixin.py:137} INFO - [2025-10-20T16:27:16.005+0000] {dagbag.py:538} INFO - Filling up the DagBag from /opt/airflow/dags/src/lab.py
[2025-10-20T16:27:16.320+0000] {processor.py:755} WARNING - No viable dags retrieved from /opt/airflow/dags/src/lab.py
[2025-10-20T16:27:16.325+0000] {processor.py:175} INFO - Processing /opt/airflow/dags/src/lab.py took 0.324 seconds
[2025-10-20T16:27:46.665+0000] {processor.py:153} INFO - Started process (PID=312) to work on /opt/airflow/dags/src/lab.py
[2025-10-20T16:27:46.666+0000] {processor.py:743} INFO - Processing file /opt/airflow/dags/src/lab.py for tasks to queue
[2025-10-20T16:27:46.666+0000] {logging_mixin.py:137} INFO - [2025-10-20T16:27:46.666+0000] {dagbag.py:538} INFO - Filling up the DagBag from /opt/airflow/dags/src/lab.py
[2025-10-20T16:27:46.943+0000] {processor.py:755} WARNING - No viable dags retrieved from /opt/airflow/dags/src/lab.py
[2025-10-20T16:27:46.953+0000] {processor.py:175} INFO - Processing /opt/airflow/dags/src/lab.py took 0.289 seconds
[2025-10-20T16:28:17.674+0000] {processor.py:153} INFO - Started process (PID=409) to work on /opt/airflow/dags/src/lab.py
[2025-10-20T16:28:17.675+0000] {processor.py:743} INFO - Processing file /opt/airflow/dags/src/lab.py for tasks to queue
[2025-10-20T16:28:17.676+0000] {logging_mixin.py:137} INFO - [2025-10-20T16:28:17.676+0000] {dagbag.py:538} INFO - Filling up the DagBag from /opt/airflow/dags/src/lab.py
[2025-10-20T16:28:17.955+0000] {processor.py:755} WARNING - No viable dags retrieved from /opt/airflow/dags/src/lab.py
[2025-10-20T16:28:17.961+0000] {processor.py:175} INFO - Processing /opt/airflow/dags/src/lab.py took 0.291 seconds
[2025-10-20T16:28:48.407+0000] {processor.py:153} INFO - Started process (PID=506) to work on /opt/airflow/dags/src/lab.py
[2025-10-20T16:28:48.409+0000] {processor.py:743} INFO - Processing file /opt/airflow/dags/src/lab.py for tasks to queue
[2025-10-20T16:28:48.410+0000] {logging_mixin.py:137} INFO - [2025-10-20T16:28:48.410+0000] {dagbag.py:538} INFO - Filling up the DagBag from /opt/airflow/dags/src/lab.py
[2025-10-20T16:28:48.675+0000] {processor.py:755} WARNING - No viable dags retrieved from /opt/airflow/dags/src/lab.py
[2025-10-20T16:28:48.683+0000] {processor.py:175} INFO - Processing /opt/airflow/dags/src/lab.py took 0.280 seconds
[2025-10-20T16:29:19.030+0000] {processor.py:153} INFO - Started process (PID=603) to work on /opt/airflow/dags/src/lab.py
[2025-10-20T16:29:19.031+0000] {processor.py:743} INFO - Processing file /opt/airflow/dags/src/lab.py for tasks to queue
[2025-10-20T16:29:19.032+0000] {logging_mixin.py:137} INFO - [2025-10-20T16:29:19.032+0000] {dagbag.py:538} INFO - Filling up the DagBag from /opt/airflow/dags/src/lab.py
[2025-10-20T16:29:19.308+0000] {processor.py:755} WARNING - No viable dags retrieved from /opt/airflow/dags/src/lab.py
[2025-10-20T16:29:19.314+0000] {processor.py:175} INFO - Processing /opt/airflow/dags/src/lab.py took 0.288 seconds
[2025-10-20T16:29:49.727+0000] {processor.py:153} INFO - Started process (PID=700) to work on /opt/airflow/dags/src/lab.py
[2025-10-20T16:29:49.729+0000] {processor.py:743} INFO - Processing file /opt/airflow/dags/src/lab.py for tasks to queue
[2025-10-20T16:29:49.729+0000] {logging_mixin.py:137} INFO - [2025-10-20T16:29:49.729+0000] {dagbag.py:538} INFO - Filling up the DagBag from /opt/airflow/dags/src/lab.py
[2025-10-20T16:29:50.015+0000] {processor.py:755} WARNING - No viable dags retrieved from /opt/airflow/dags/src/lab.py
[2025-10-20T16:29:50.020+0000] {processor.py:175} INFO - Processing /opt/airflow/dags/src/lab.py took 0.297 seconds
[2025-10-20T16:29:55.155+0000] {processor.py:153} INFO - Started process (PID=743) to work on /opt/airflow/dags/src/lab.py
[2025-10-20T16:29:55.156+0000] {processor.py:743} INFO - Processing file /opt/airflow/dags/src/lab.py for tasks to queue
[2025-10-20T16:29:55.157+0000] {logging_mixin.py:137} INFO - [2025-10-20T16:29:55.156+0000] {dagbag.py:538} INFO - Filling up the DagBag from /opt/airflow/dags/src/lab.py
[2025-10-20T16:29:55.416+0000] {processor.py:755} WARNING - No viable dags retrieved from /opt/airflow/dags/src/lab.py
[2025-10-20T16:29:55.420+0000] {processor.py:175} INFO - Processing /opt/airflow/dags/src/lab.py took 0.269 seconds
[2025-10-20T16:29:56.162+0000] {processor.py:153} INFO - Started process (PID=745) to work on /opt/airflow/dags/src/lab.py
[2025-10-20T16:29:56.162+0000] {processor.py:743} INFO - Processing file /opt/airflow/dags/src/lab.py for tasks to queue
[2025-10-20T16:29:56.162+0000] {logging_mixin.py:137} INFO - [2025-10-20T16:29:56.162+0000] {dagbag.py:538} INFO - Filling up the DagBag from /opt/airflow/dags/src/lab.py
[2025-10-20T16:29:56.415+0000] {processor.py:755} WARNING - No viable dags retrieved from /opt/airflow/dags/src/lab.py
[2025-10-20T16:29:56.420+0000] {processor.py:175} INFO - Processing /opt/airflow/dags/src/lab.py took 0.260 seconds
[2025-10-20T16:30:18.147+0000] {processor.py:153} INFO - Started process (PID=39) to work on /opt/airflow/dags/src/lab.py
[2025-10-20T16:30:18.148+0000] {processor.py:743} INFO - Processing file /opt/airflow/dags/src/lab.py for tasks to queue
[2025-10-20T16:30:18.150+0000] {logging_mixin.py:137} INFO - [2025-10-20T16:30:18.149+0000] {dagbag.py:538} INFO - Filling up the DagBag from /opt/airflow/dags/src/lab.py
[2025-10-20T16:30:18.840+0000] {processor.py:755} WARNING - No viable dags retrieved from /opt/airflow/dags/src/lab.py
[2025-10-20T16:30:18.847+0000] {processor.py:175} INFO - Processing /opt/airflow/dags/src/lab.py took 0.703 seconds
[2025-10-20T16:30:49.691+0000] {processor.py:153} INFO - Started process (PID=136) to work on /opt/airflow/dags/src/lab.py
[2025-10-20T16:30:49.692+0000] {processor.py:743} INFO - Processing file /opt/airflow/dags/src/lab.py for tasks to queue
[2025-10-20T16:30:49.693+0000] {logging_mixin.py:137} INFO - [2025-10-20T16:30:49.693+0000] {dagbag.py:538} INFO - Filling up the DagBag from /opt/airflow/dags/src/lab.py
[2025-10-20T16:30:50.052+0000] {processor.py:755} WARNING - No viable dags retrieved from /opt/airflow/dags/src/lab.py
[2025-10-20T16:30:50.059+0000] {processor.py:175} INFO - Processing /opt/airflow/dags/src/lab.py took 0.372 seconds
[2025-10-20T16:31:20.831+0000] {processor.py:153} INFO - Started process (PID=233) to work on /opt/airflow/dags/src/lab.py
[2025-10-20T16:31:20.832+0000] {processor.py:743} INFO - Processing file /opt/airflow/dags/src/lab.py for tasks to queue
[2025-10-20T16:31:20.833+0000] {logging_mixin.py:137} INFO - [2025-10-20T16:31:20.833+0000] {dagbag.py:538} INFO - Filling up the DagBag from /opt/airflow/dags/src/lab.py
[2025-10-20T16:31:21.230+0000] {processor.py:755} WARNING - No viable dags retrieved from /opt/airflow/dags/src/lab.py
[2025-10-20T16:31:21.237+0000] {processor.py:175} INFO - Processing /opt/airflow/dags/src/lab.py took 0.409 seconds
[2025-10-20T16:31:51.660+0000] {processor.py:153} INFO - Started process (PID=312) to work on /opt/airflow/dags/src/lab.py
[2025-10-20T16:31:51.661+0000] {processor.py:743} INFO - Processing file /opt/airflow/dags/src/lab.py for tasks to queue
[2025-10-20T16:31:51.662+0000] {logging_mixin.py:137} INFO - [2025-10-20T16:31:51.662+0000] {dagbag.py:538} INFO - Filling up the DagBag from /opt/airflow/dags/src/lab.py
[2025-10-20T16:31:51.993+0000] {processor.py:755} WARNING - No viable dags retrieved from /opt/airflow/dags/src/lab.py
[2025-10-20T16:31:52.000+0000] {processor.py:175} INFO - Processing /opt/airflow/dags/src/lab.py took 0.342 seconds
[2025-10-20T16:32:22.995+0000] {processor.py:153} INFO - Started process (PID=409) to work on /opt/airflow/dags/src/lab.py
[2025-10-20T16:32:22.996+0000] {processor.py:743} INFO - Processing file /opt/airflow/dags/src/lab.py for tasks to queue
[2025-10-20T16:32:22.997+0000] {logging_mixin.py:137} INFO - [2025-10-20T16:32:22.997+0000] {dagbag.py:538} INFO - Filling up the DagBag from /opt/airflow/dags/src/lab.py
[2025-10-20T16:32:23.267+0000] {processor.py:755} WARNING - No viable dags retrieved from /opt/airflow/dags/src/lab.py
[2025-10-20T16:32:23.274+0000] {processor.py:175} INFO - Processing /opt/airflow/dags/src/lab.py took 0.285 seconds
[2025-10-20T16:32:53.611+0000] {processor.py:153} INFO - Started process (PID=506) to work on /opt/airflow/dags/src/lab.py
[2025-10-20T16:32:53.611+0000] {processor.py:743} INFO - Processing file /opt/airflow/dags/src/lab.py for tasks to queue
[2025-10-20T16:32:53.612+0000] {logging_mixin.py:137} INFO - [2025-10-20T16:32:53.612+0000] {dagbag.py:538} INFO - Filling up the DagBag from /opt/airflow/dags/src/lab.py
[2025-10-20T16:32:53.866+0000] {processor.py:755} WARNING - No viable dags retrieved from /opt/airflow/dags/src/lab.py
[2025-10-20T16:32:53.872+0000] {processor.py:175} INFO - Processing /opt/airflow/dags/src/lab.py took 0.265 seconds
[2025-10-20T16:33:24.180+0000] {processor.py:153} INFO - Started process (PID=603) to work on /opt/airflow/dags/src/lab.py
[2025-10-20T16:33:24.182+0000] {processor.py:743} INFO - Processing file /opt/airflow/dags/src/lab.py for tasks to queue
[2025-10-20T16:33:24.183+0000] {logging_mixin.py:137} INFO - [2025-10-20T16:33:24.182+0000] {dagbag.py:538} INFO - Filling up the DagBag from /opt/airflow/dags/src/lab.py
[2025-10-20T16:33:24.447+0000] {processor.py:755} WARNING - No viable dags retrieved from /opt/airflow/dags/src/lab.py
[2025-10-20T16:33:24.453+0000] {processor.py:175} INFO - Processing /opt/airflow/dags/src/lab.py took 0.277 seconds
[2025-10-20T16:35:39.175+0000] {processor.py:153} INFO - Started process (PID=39) to work on /opt/airflow/dags/src/lab.py
[2025-10-20T16:35:39.176+0000] {processor.py:743} INFO - Processing file /opt/airflow/dags/src/lab.py for tasks to queue
[2025-10-20T16:35:39.177+0000] {logging_mixin.py:137} INFO - [2025-10-20T16:35:39.177+0000] {dagbag.py:538} INFO - Filling up the DagBag from /opt/airflow/dags/src/lab.py
[2025-10-20T16:35:39.906+0000] {processor.py:755} WARNING - No viable dags retrieved from /opt/airflow/dags/src/lab.py
[2025-10-20T16:35:39.913+0000] {processor.py:175} INFO - Processing /opt/airflow/dags/src/lab.py took 0.740 seconds
[2025-10-20T16:36:10.701+0000] {processor.py:153} INFO - Started process (PID=140) to work on /opt/airflow/dags/src/lab.py
[2025-10-20T16:36:10.703+0000] {processor.py:743} INFO - Processing file /opt/airflow/dags/src/lab.py for tasks to queue
[2025-10-20T16:36:10.703+0000] {logging_mixin.py:137} INFO - [2025-10-20T16:36:10.703+0000] {dagbag.py:538} INFO - Filling up the DagBag from /opt/airflow/dags/src/lab.py
[2025-10-20T16:36:11.016+0000] {processor.py:755} WARNING - No viable dags retrieved from /opt/airflow/dags/src/lab.py
[2025-10-20T16:36:11.021+0000] {processor.py:175} INFO - Processing /opt/airflow/dags/src/lab.py took 0.324 seconds
[2025-10-20T16:36:41.370+0000] {processor.py:153} INFO - Started process (PID=237) to work on /opt/airflow/dags/src/lab.py
[2025-10-20T16:36:41.371+0000] {processor.py:743} INFO - Processing file /opt/airflow/dags/src/lab.py for tasks to queue
[2025-10-20T16:36:41.371+0000] {logging_mixin.py:137} INFO - [2025-10-20T16:36:41.371+0000] {dagbag.py:538} INFO - Filling up the DagBag from /opt/airflow/dags/src/lab.py
[2025-10-20T16:36:41.691+0000] {processor.py:755} WARNING - No viable dags retrieved from /opt/airflow/dags/src/lab.py
[2025-10-20T16:36:41.698+0000] {processor.py:175} INFO - Processing /opt/airflow/dags/src/lab.py took 0.329 seconds
[2025-10-20T16:37:12.091+0000] {processor.py:153} INFO - Started process (PID=316) to work on /opt/airflow/dags/src/lab.py
[2025-10-20T16:37:12.093+0000] {processor.py:743} INFO - Processing file /opt/airflow/dags/src/lab.py for tasks to queue
[2025-10-20T16:37:12.094+0000] {logging_mixin.py:137} INFO - [2025-10-20T16:37:12.094+0000] {dagbag.py:538} INFO - Filling up the DagBag from /opt/airflow/dags/src/lab.py
[2025-10-20T16:37:12.449+0000] {processor.py:755} WARNING - No viable dags retrieved from /opt/airflow/dags/src/lab.py
[2025-10-20T16:37:12.456+0000] {processor.py:175} INFO - Processing /opt/airflow/dags/src/lab.py took 0.371 seconds
[2025-10-20T16:37:42.887+0000] {processor.py:153} INFO - Started process (PID=412) to work on /opt/airflow/dags/src/lab.py
[2025-10-20T16:37:42.888+0000] {processor.py:743} INFO - Processing file /opt/airflow/dags/src/lab.py for tasks to queue
[2025-10-20T16:37:42.889+0000] {logging_mixin.py:137} INFO - [2025-10-20T16:37:42.889+0000] {dagbag.py:538} INFO - Filling up the DagBag from /opt/airflow/dags/src/lab.py
[2025-10-20T16:37:43.145+0000] {processor.py:755} WARNING - No viable dags retrieved from /opt/airflow/dags/src/lab.py
[2025-10-20T16:37:43.150+0000] {processor.py:175} INFO - Processing /opt/airflow/dags/src/lab.py took 0.268 seconds
[2025-10-20T16:38:13.519+0000] {processor.py:153} INFO - Started process (PID=509) to work on /opt/airflow/dags/src/lab.py
[2025-10-20T16:38:13.520+0000] {processor.py:743} INFO - Processing file /opt/airflow/dags/src/lab.py for tasks to queue
[2025-10-20T16:38:13.521+0000] {logging_mixin.py:137} INFO - [2025-10-20T16:38:13.521+0000] {dagbag.py:538} INFO - Filling up the DagBag from /opt/airflow/dags/src/lab.py
[2025-10-20T16:38:13.775+0000] {processor.py:755} WARNING - No viable dags retrieved from /opt/airflow/dags/src/lab.py
[2025-10-20T16:38:13.781+0000] {processor.py:175} INFO - Processing /opt/airflow/dags/src/lab.py took 0.266 seconds
[2025-10-20T16:38:41.111+0000] {processor.py:153} INFO - Started process (PID=588) to work on /opt/airflow/dags/src/lab.py
[2025-10-20T16:38:41.112+0000] {processor.py:743} INFO - Processing file /opt/airflow/dags/src/lab.py for tasks to queue
[2025-10-20T16:38:41.112+0000] {logging_mixin.py:137} INFO - [2025-10-20T16:38:41.112+0000] {dagbag.py:538} INFO - Filling up the DagBag from /opt/airflow/dags/src/lab.py
[2025-10-20T16:38:41.382+0000] {processor.py:755} WARNING - No viable dags retrieved from /opt/airflow/dags/src/lab.py
[2025-10-20T16:38:41.387+0000] {processor.py:175} INFO - Processing /opt/airflow/dags/src/lab.py took 0.279 seconds
[2025-10-20T16:39:07.592+0000] {processor.py:153} INFO - Started process (PID=39) to work on /opt/airflow/dags/src/lab.py
[2025-10-20T16:39:07.593+0000] {processor.py:743} INFO - Processing file /opt/airflow/dags/src/lab.py for tasks to queue
[2025-10-20T16:39:07.593+0000] {logging_mixin.py:137} INFO - [2025-10-20T16:39:07.593+0000] {dagbag.py:538} INFO - Filling up the DagBag from /opt/airflow/dags/src/lab.py
[2025-10-20T16:39:08.287+0000] {processor.py:755} WARNING - No viable dags retrieved from /opt/airflow/dags/src/lab.py
[2025-10-20T16:39:08.298+0000] {processor.py:175} INFO - Processing /opt/airflow/dags/src/lab.py took 0.708 seconds
[2025-10-20T16:39:39.137+0000] {processor.py:153} INFO - Started process (PID=136) to work on /opt/airflow/dags/src/lab.py
[2025-10-20T16:39:39.138+0000] {processor.py:743} INFO - Processing file /opt/airflow/dags/src/lab.py for tasks to queue
[2025-10-20T16:39:39.139+0000] {logging_mixin.py:137} INFO - [2025-10-20T16:39:39.139+0000] {dagbag.py:538} INFO - Filling up the DagBag from /opt/airflow/dags/src/lab.py
[2025-10-20T16:39:39.452+0000] {processor.py:755} WARNING - No viable dags retrieved from /opt/airflow/dags/src/lab.py
[2025-10-20T16:39:39.460+0000] {processor.py:175} INFO - Processing /opt/airflow/dags/src/lab.py took 0.327 seconds
[2025-10-20T16:40:09.800+0000] {processor.py:153} INFO - Started process (PID=233) to work on /opt/airflow/dags/src/lab.py
[2025-10-20T16:40:09.801+0000] {processor.py:743} INFO - Processing file /opt/airflow/dags/src/lab.py for tasks to queue
[2025-10-20T16:40:09.801+0000] {logging_mixin.py:137} INFO - [2025-10-20T16:40:09.801+0000] {dagbag.py:538} INFO - Filling up the DagBag from /opt/airflow/dags/src/lab.py
[2025-10-20T16:40:10.051+0000] {processor.py:755} WARNING - No viable dags retrieved from /opt/airflow/dags/src/lab.py
[2025-10-20T16:40:10.057+0000] {processor.py:175} INFO - Processing /opt/airflow/dags/src/lab.py took 0.259 seconds
[2025-10-20T16:40:40.430+0000] {processor.py:153} INFO - Started process (PID=312) to work on /opt/airflow/dags/src/lab.py
[2025-10-20T16:40:40.431+0000] {processor.py:743} INFO - Processing file /opt/airflow/dags/src/lab.py for tasks to queue
[2025-10-20T16:40:40.432+0000] {logging_mixin.py:137} INFO - [2025-10-20T16:40:40.432+0000] {dagbag.py:538} INFO - Filling up the DagBag from /opt/airflow/dags/src/lab.py
[2025-10-20T16:40:40.699+0000] {processor.py:755} WARNING - No viable dags retrieved from /opt/airflow/dags/src/lab.py
[2025-10-20T16:40:40.705+0000] {processor.py:175} INFO - Processing /opt/airflow/dags/src/lab.py took 0.279 seconds
[2025-10-20T16:41:11.134+0000] {processor.py:153} INFO - Started process (PID=409) to work on /opt/airflow/dags/src/lab.py
[2025-10-20T16:41:11.135+0000] {processor.py:743} INFO - Processing file /opt/airflow/dags/src/lab.py for tasks to queue
[2025-10-20T16:41:11.136+0000] {logging_mixin.py:137} INFO - [2025-10-20T16:41:11.136+0000] {dagbag.py:538} INFO - Filling up the DagBag from /opt/airflow/dags/src/lab.py
[2025-10-20T16:41:11.440+0000] {processor.py:755} WARNING - No viable dags retrieved from /opt/airflow/dags/src/lab.py
[2025-10-20T16:41:11.446+0000] {processor.py:175} INFO - Processing /opt/airflow/dags/src/lab.py took 0.316 seconds
[2025-10-20T16:41:42.250+0000] {processor.py:153} INFO - Started process (PID=506) to work on /opt/airflow/dags/src/lab.py
[2025-10-20T16:41:42.250+0000] {processor.py:743} INFO - Processing file /opt/airflow/dags/src/lab.py for tasks to queue
[2025-10-20T16:41:42.251+0000] {logging_mixin.py:137} INFO - [2025-10-20T16:41:42.251+0000] {dagbag.py:538} INFO - Filling up the DagBag from /opt/airflow/dags/src/lab.py
[2025-10-20T16:41:42.542+0000] {processor.py:755} WARNING - No viable dags retrieved from /opt/airflow/dags/src/lab.py
[2025-10-20T16:41:42.547+0000] {processor.py:175} INFO - Processing /opt/airflow/dags/src/lab.py took 0.300 seconds
[2025-10-20T16:42:12.861+0000] {processor.py:153} INFO - Started process (PID=603) to work on /opt/airflow/dags/src/lab.py
[2025-10-20T16:42:12.862+0000] {processor.py:743} INFO - Processing file /opt/airflow/dags/src/lab.py for tasks to queue
[2025-10-20T16:42:12.862+0000] {logging_mixin.py:137} INFO - [2025-10-20T16:42:12.862+0000] {dagbag.py:538} INFO - Filling up the DagBag from /opt/airflow/dags/src/lab.py
[2025-10-20T16:42:13.177+0000] {processor.py:755} WARNING - No viable dags retrieved from /opt/airflow/dags/src/lab.py
[2025-10-20T16:42:13.185+0000] {processor.py:175} INFO - Processing /opt/airflow/dags/src/lab.py took 0.325 seconds
[2025-10-20T16:42:43.493+0000] {processor.py:153} INFO - Started process (PID=700) to work on /opt/airflow/dags/src/lab.py
[2025-10-20T16:42:43.494+0000] {processor.py:743} INFO - Processing file /opt/airflow/dags/src/lab.py for tasks to queue
[2025-10-20T16:42:43.494+0000] {logging_mixin.py:137} INFO - [2025-10-20T16:42:43.494+0000] {dagbag.py:538} INFO - Filling up the DagBag from /opt/airflow/dags/src/lab.py
[2025-10-20T16:42:43.742+0000] {processor.py:755} WARNING - No viable dags retrieved from /opt/airflow/dags/src/lab.py
[2025-10-20T16:42:43.749+0000] {processor.py:175} INFO - Processing /opt/airflow/dags/src/lab.py took 0.258 seconds
[2025-10-20T16:43:14.083+0000] {processor.py:153} INFO - Started process (PID=779) to work on /opt/airflow/dags/src/lab.py
[2025-10-20T16:43:14.084+0000] {processor.py:743} INFO - Processing file /opt/airflow/dags/src/lab.py for tasks to queue
[2025-10-20T16:43:14.085+0000] {logging_mixin.py:137} INFO - [2025-10-20T16:43:14.084+0000] {dagbag.py:538} INFO - Filling up the DagBag from /opt/airflow/dags/src/lab.py
[2025-10-20T16:43:14.346+0000] {processor.py:755} WARNING - No viable dags retrieved from /opt/airflow/dags/src/lab.py
[2025-10-20T16:43:14.351+0000] {processor.py:175} INFO - Processing /opt/airflow/dags/src/lab.py took 0.272 seconds
[2025-10-20T16:43:44.745+0000] {processor.py:153} INFO - Started process (PID=876) to work on /opt/airflow/dags/src/lab.py
[2025-10-20T16:43:44.745+0000] {processor.py:743} INFO - Processing file /opt/airflow/dags/src/lab.py for tasks to queue
[2025-10-20T16:43:44.749+0000] {logging_mixin.py:137} INFO - [2025-10-20T16:43:44.749+0000] {dagbag.py:538} INFO - Filling up the DagBag from /opt/airflow/dags/src/lab.py
[2025-10-20T16:43:45.079+0000] {processor.py:755} WARNING - No viable dags retrieved from /opt/airflow/dags/src/lab.py
[2025-10-20T16:43:45.086+0000] {processor.py:175} INFO - Processing /opt/airflow/dags/src/lab.py took 0.349 seconds
[2025-10-20T16:44:15.404+0000] {processor.py:153} INFO - Started process (PID=973) to work on /opt/airflow/dags/src/lab.py
[2025-10-20T16:44:15.405+0000] {processor.py:743} INFO - Processing file /opt/airflow/dags/src/lab.py for tasks to queue
[2025-10-20T16:44:15.407+0000] {logging_mixin.py:137} INFO - [2025-10-20T16:44:15.407+0000] {dagbag.py:538} INFO - Filling up the DagBag from /opt/airflow/dags/src/lab.py
[2025-10-20T16:44:15.668+0000] {processor.py:755} WARNING - No viable dags retrieved from /opt/airflow/dags/src/lab.py
[2025-10-20T16:44:15.673+0000] {processor.py:175} INFO - Processing /opt/airflow/dags/src/lab.py took 0.273 seconds
[2025-10-20T16:44:45.966+0000] {processor.py:153} INFO - Started process (PID=1070) to work on /opt/airflow/dags/src/lab.py
[2025-10-20T16:44:45.967+0000] {processor.py:743} INFO - Processing file /opt/airflow/dags/src/lab.py for tasks to queue
[2025-10-20T16:44:45.967+0000] {logging_mixin.py:137} INFO - [2025-10-20T16:44:45.967+0000] {dagbag.py:538} INFO - Filling up the DagBag from /opt/airflow/dags/src/lab.py
[2025-10-20T16:44:46.220+0000] {processor.py:755} WARNING - No viable dags retrieved from /opt/airflow/dags/src/lab.py
[2025-10-20T16:44:46.225+0000] {processor.py:175} INFO - Processing /opt/airflow/dags/src/lab.py took 0.264 seconds
[2025-10-20T16:45:16.553+0000] {processor.py:153} INFO - Started process (PID=1167) to work on /opt/airflow/dags/src/lab.py
[2025-10-20T16:45:16.554+0000] {processor.py:743} INFO - Processing file /opt/airflow/dags/src/lab.py for tasks to queue
[2025-10-20T16:45:16.554+0000] {logging_mixin.py:137} INFO - [2025-10-20T16:45:16.554+0000] {dagbag.py:538} INFO - Filling up the DagBag from /opt/airflow/dags/src/lab.py
[2025-10-20T16:45:16.806+0000] {processor.py:755} WARNING - No viable dags retrieved from /opt/airflow/dags/src/lab.py
[2025-10-20T16:45:16.814+0000] {processor.py:175} INFO - Processing /opt/airflow/dags/src/lab.py took 0.262 seconds
[2025-10-20T16:45:46.172+0000] {processor.py:153} INFO - Started process (PID=1246) to work on /opt/airflow/dags/src/lab.py
[2025-10-20T16:45:46.172+0000] {processor.py:743} INFO - Processing file /opt/airflow/dags/src/lab.py for tasks to queue
[2025-10-20T16:45:46.173+0000] {logging_mixin.py:137} INFO - [2025-10-20T16:45:46.173+0000] {dagbag.py:538} INFO - Filling up the DagBag from /opt/airflow/dags/src/lab.py
[2025-10-20T16:45:46.455+0000] {processor.py:755} WARNING - No viable dags retrieved from /opt/airflow/dags/src/lab.py
[2025-10-20T16:45:46.460+0000] {processor.py:175} INFO - Processing /opt/airflow/dags/src/lab.py took 0.292 seconds
[2025-10-20T16:45:47.179+0000] {processor.py:153} INFO - Started process (PID=1248) to work on /opt/airflow/dags/src/lab.py
[2025-10-20T16:45:47.181+0000] {processor.py:743} INFO - Processing file /opt/airflow/dags/src/lab.py for tasks to queue
[2025-10-20T16:45:47.182+0000] {logging_mixin.py:137} INFO - [2025-10-20T16:45:47.182+0000] {dagbag.py:538} INFO - Filling up the DagBag from /opt/airflow/dags/src/lab.py
[2025-10-20T16:45:47.447+0000] {processor.py:755} WARNING - No viable dags retrieved from /opt/airflow/dags/src/lab.py
[2025-10-20T16:45:47.453+0000] {processor.py:175} INFO - Processing /opt/airflow/dags/src/lab.py took 0.275 seconds
[2025-10-20T16:45:59.560+0000] {processor.py:153} INFO - Started process (PID=1318) to work on /opt/airflow/dags/src/lab.py
[2025-10-20T16:45:59.560+0000] {processor.py:743} INFO - Processing file /opt/airflow/dags/src/lab.py for tasks to queue
[2025-10-20T16:45:59.560+0000] {logging_mixin.py:137} INFO - [2025-10-20T16:45:59.560+0000] {dagbag.py:538} INFO - Filling up the DagBag from /opt/airflow/dags/src/lab.py
[2025-10-20T16:45:59.925+0000] {processor.py:755} WARNING - No viable dags retrieved from /opt/airflow/dags/src/lab.py
[2025-10-20T16:45:59.930+0000] {processor.py:175} INFO - Processing /opt/airflow/dags/src/lab.py took 0.371 seconds
[2025-10-20T16:46:43.472+0000] {processor.py:153} INFO - Started process (PID=38) to work on /opt/airflow/dags/src/lab.py
[2025-10-20T16:46:43.473+0000] {processor.py:743} INFO - Processing file /opt/airflow/dags/src/lab.py for tasks to queue
[2025-10-20T16:46:43.474+0000] {logging_mixin.py:137} INFO - [2025-10-20T16:46:43.474+0000] {dagbag.py:538} INFO - Filling up the DagBag from /opt/airflow/dags/src/lab.py
[2025-10-20T16:46:44.119+0000] {processor.py:755} WARNING - No viable dags retrieved from /opt/airflow/dags/src/lab.py
[2025-10-20T16:46:44.127+0000] {processor.py:175} INFO - Processing /opt/airflow/dags/src/lab.py took 0.658 seconds
[2025-10-20T16:47:14.833+0000] {processor.py:153} INFO - Started process (PID=135) to work on /opt/airflow/dags/src/lab.py
[2025-10-20T16:47:14.834+0000] {processor.py:743} INFO - Processing file /opt/airflow/dags/src/lab.py for tasks to queue
[2025-10-20T16:47:14.835+0000] {logging_mixin.py:137} INFO - [2025-10-20T16:47:14.835+0000] {dagbag.py:538} INFO - Filling up the DagBag from /opt/airflow/dags/src/lab.py
[2025-10-20T16:47:15.117+0000] {processor.py:755} WARNING - No viable dags retrieved from /opt/airflow/dags/src/lab.py
[2025-10-20T16:47:15.122+0000] {processor.py:175} INFO - Processing /opt/airflow/dags/src/lab.py took 0.293 seconds
[2025-10-20T16:47:45.410+0000] {processor.py:153} INFO - Started process (PID=232) to work on /opt/airflow/dags/src/lab.py
[2025-10-20T16:47:45.412+0000] {processor.py:743} INFO - Processing file /opt/airflow/dags/src/lab.py for tasks to queue
[2025-10-20T16:47:45.412+0000] {logging_mixin.py:137} INFO - [2025-10-20T16:47:45.412+0000] {dagbag.py:538} INFO - Filling up the DagBag from /opt/airflow/dags/src/lab.py
[2025-10-20T16:47:45.678+0000] {processor.py:755} WARNING - No viable dags retrieved from /opt/airflow/dags/src/lab.py
[2025-10-20T16:47:45.682+0000] {processor.py:175} INFO - Processing /opt/airflow/dags/src/lab.py took 0.276 seconds
[2025-10-20T16:48:15.975+0000] {processor.py:153} INFO - Started process (PID=311) to work on /opt/airflow/dags/src/lab.py
[2025-10-20T16:48:15.976+0000] {processor.py:743} INFO - Processing file /opt/airflow/dags/src/lab.py for tasks to queue
[2025-10-20T16:48:15.976+0000] {logging_mixin.py:137} INFO - [2025-10-20T16:48:15.976+0000] {dagbag.py:538} INFO - Filling up the DagBag from /opt/airflow/dags/src/lab.py
[2025-10-20T16:48:16.265+0000] {processor.py:755} WARNING - No viable dags retrieved from /opt/airflow/dags/src/lab.py
[2025-10-20T16:48:16.273+0000] {processor.py:175} INFO - Processing /opt/airflow/dags/src/lab.py took 0.300 seconds
[2025-10-20T16:48:46.908+0000] {processor.py:153} INFO - Started process (PID=407) to work on /opt/airflow/dags/src/lab.py
[2025-10-20T16:48:46.909+0000] {processor.py:743} INFO - Processing file /opt/airflow/dags/src/lab.py for tasks to queue
[2025-10-20T16:48:46.909+0000] {logging_mixin.py:137} INFO - [2025-10-20T16:48:46.909+0000] {dagbag.py:538} INFO - Filling up the DagBag from /opt/airflow/dags/src/lab.py
[2025-10-20T16:48:47.188+0000] {processor.py:755} WARNING - No viable dags retrieved from /opt/airflow/dags/src/lab.py
[2025-10-20T16:48:47.193+0000] {processor.py:175} INFO - Processing /opt/airflow/dags/src/lab.py took 0.290 seconds
[2025-10-20T16:49:17.554+0000] {processor.py:153} INFO - Started process (PID=504) to work on /opt/airflow/dags/src/lab.py
[2025-10-20T16:49:17.555+0000] {processor.py:743} INFO - Processing file /opt/airflow/dags/src/lab.py for tasks to queue
[2025-10-20T16:49:17.556+0000] {logging_mixin.py:137} INFO - [2025-10-20T16:49:17.556+0000] {dagbag.py:538} INFO - Filling up the DagBag from /opt/airflow/dags/src/lab.py
[2025-10-20T16:49:17.815+0000] {processor.py:755} WARNING - No viable dags retrieved from /opt/airflow/dags/src/lab.py
[2025-10-20T16:49:17.822+0000] {processor.py:175} INFO - Processing /opt/airflow/dags/src/lab.py took 0.272 seconds
[2025-10-20T16:49:48.206+0000] {processor.py:153} INFO - Started process (PID=601) to work on /opt/airflow/dags/src/lab.py
[2025-10-20T16:49:48.208+0000] {processor.py:743} INFO - Processing file /opt/airflow/dags/src/lab.py for tasks to queue
[2025-10-20T16:49:48.208+0000] {logging_mixin.py:137} INFO - [2025-10-20T16:49:48.208+0000] {dagbag.py:538} INFO - Filling up the DagBag from /opt/airflow/dags/src/lab.py
[2025-10-20T16:49:48.463+0000] {processor.py:755} WARNING - No viable dags retrieved from /opt/airflow/dags/src/lab.py
[2025-10-20T16:49:48.474+0000] {processor.py:175} INFO - Processing /opt/airflow/dags/src/lab.py took 0.272 seconds
[2025-10-20T16:50:18.812+0000] {processor.py:153} INFO - Started process (PID=698) to work on /opt/airflow/dags/src/lab.py
[2025-10-20T16:50:18.812+0000] {processor.py:743} INFO - Processing file /opt/airflow/dags/src/lab.py for tasks to queue
[2025-10-20T16:50:18.813+0000] {logging_mixin.py:137} INFO - [2025-10-20T16:50:18.813+0000] {dagbag.py:538} INFO - Filling up the DagBag from /opt/airflow/dags/src/lab.py
[2025-10-20T16:50:19.062+0000] {processor.py:755} WARNING - No viable dags retrieved from /opt/airflow/dags/src/lab.py
[2025-10-20T16:50:19.072+0000] {processor.py:175} INFO - Processing /opt/airflow/dags/src/lab.py took 0.263 seconds
[2025-10-20T16:50:49.414+0000] {processor.py:153} INFO - Started process (PID=777) to work on /opt/airflow/dags/src/lab.py
[2025-10-20T16:50:49.415+0000] {processor.py:743} INFO - Processing file /opt/airflow/dags/src/lab.py for tasks to queue
[2025-10-20T16:50:49.416+0000] {logging_mixin.py:137} INFO - [2025-10-20T16:50:49.416+0000] {dagbag.py:538} INFO - Filling up the DagBag from /opt/airflow/dags/src/lab.py
[2025-10-20T16:50:49.678+0000] {processor.py:755} WARNING - No viable dags retrieved from /opt/airflow/dags/src/lab.py
[2025-10-20T16:50:49.685+0000] {processor.py:175} INFO - Processing /opt/airflow/dags/src/lab.py took 0.275 seconds
[2025-10-20T16:51:20.228+0000] {processor.py:153} INFO - Started process (PID=873) to work on /opt/airflow/dags/src/lab.py
[2025-10-20T16:51:20.230+0000] {processor.py:743} INFO - Processing file /opt/airflow/dags/src/lab.py for tasks to queue
[2025-10-20T16:51:20.231+0000] {logging_mixin.py:137} INFO - [2025-10-20T16:51:20.231+0000] {dagbag.py:538} INFO - Filling up the DagBag from /opt/airflow/dags/src/lab.py
[2025-10-20T16:51:20.558+0000] {processor.py:755} WARNING - No viable dags retrieved from /opt/airflow/dags/src/lab.py
[2025-10-20T16:51:20.565+0000] {processor.py:175} INFO - Processing /opt/airflow/dags/src/lab.py took 0.341 seconds
[2025-10-20T16:51:50.944+0000] {processor.py:153} INFO - Started process (PID=970) to work on /opt/airflow/dags/src/lab.py
[2025-10-20T16:51:50.945+0000] {processor.py:743} INFO - Processing file /opt/airflow/dags/src/lab.py for tasks to queue
[2025-10-20T16:51:50.945+0000] {logging_mixin.py:137} INFO - [2025-10-20T16:51:50.945+0000] {dagbag.py:538} INFO - Filling up the DagBag from /opt/airflow/dags/src/lab.py
[2025-10-20T16:51:51.232+0000] {processor.py:755} WARNING - No viable dags retrieved from /opt/airflow/dags/src/lab.py
[2025-10-20T16:51:51.238+0000] {processor.py:175} INFO - Processing /opt/airflow/dags/src/lab.py took 0.296 seconds
[2025-10-20T16:52:21.566+0000] {processor.py:153} INFO - Started process (PID=1067) to work on /opt/airflow/dags/src/lab.py
[2025-10-20T16:52:21.567+0000] {processor.py:743} INFO - Processing file /opt/airflow/dags/src/lab.py for tasks to queue
[2025-10-20T16:52:21.568+0000] {logging_mixin.py:137} INFO - [2025-10-20T16:52:21.568+0000] {dagbag.py:538} INFO - Filling up the DagBag from /opt/airflow/dags/src/lab.py
[2025-10-20T16:52:21.826+0000] {processor.py:755} WARNING - No viable dags retrieved from /opt/airflow/dags/src/lab.py
[2025-10-20T16:52:21.834+0000] {processor.py:175} INFO - Processing /opt/airflow/dags/src/lab.py took 0.272 seconds
[2025-10-20T16:52:52.041+0000] {processor.py:153} INFO - Started process (PID=1164) to work on /opt/airflow/dags/src/lab.py
[2025-10-20T16:52:52.042+0000] {processor.py:743} INFO - Processing file /opt/airflow/dags/src/lab.py for tasks to queue
[2025-10-20T16:52:52.043+0000] {logging_mixin.py:137} INFO - [2025-10-20T16:52:52.043+0000] {dagbag.py:538} INFO - Filling up the DagBag from /opt/airflow/dags/src/lab.py
[2025-10-20T16:52:52.302+0000] {processor.py:755} WARNING - No viable dags retrieved from /opt/airflow/dags/src/lab.py
[2025-10-20T16:52:52.308+0000] {processor.py:175} INFO - Processing /opt/airflow/dags/src/lab.py took 0.271 seconds
[2025-10-20T16:53:22.595+0000] {processor.py:153} INFO - Started process (PID=1243) to work on /opt/airflow/dags/src/lab.py
[2025-10-20T16:53:22.595+0000] {processor.py:743} INFO - Processing file /opt/airflow/dags/src/lab.py for tasks to queue
[2025-10-20T16:53:22.596+0000] {logging_mixin.py:137} INFO - [2025-10-20T16:53:22.596+0000] {dagbag.py:538} INFO - Filling up the DagBag from /opt/airflow/dags/src/lab.py
[2025-10-20T16:53:22.879+0000] {processor.py:755} WARNING - No viable dags retrieved from /opt/airflow/dags/src/lab.py
[2025-10-20T16:53:22.885+0000] {processor.py:175} INFO - Processing /opt/airflow/dags/src/lab.py took 0.295 seconds
[2025-10-20T16:53:53.105+0000] {processor.py:153} INFO - Started process (PID=1340) to work on /opt/airflow/dags/src/lab.py
[2025-10-20T16:53:53.105+0000] {processor.py:743} INFO - Processing file /opt/airflow/dags/src/lab.py for tasks to queue
[2025-10-20T16:53:53.106+0000] {logging_mixin.py:137} INFO - [2025-10-20T16:53:53.106+0000] {dagbag.py:538} INFO - Filling up the DagBag from /opt/airflow/dags/src/lab.py
[2025-10-20T16:53:53.345+0000] {processor.py:755} WARNING - No viable dags retrieved from /opt/airflow/dags/src/lab.py
[2025-10-20T16:53:53.351+0000] {processor.py:175} INFO - Processing /opt/airflow/dags/src/lab.py took 0.248 seconds
[2025-10-20T16:54:23.491+0000] {processor.py:153} INFO - Started process (PID=1437) to work on /opt/airflow/dags/src/lab.py
[2025-10-20T16:54:23.492+0000] {processor.py:743} INFO - Processing file /opt/airflow/dags/src/lab.py for tasks to queue
[2025-10-20T16:54:23.492+0000] {logging_mixin.py:137} INFO - [2025-10-20T16:54:23.492+0000] {dagbag.py:538} INFO - Filling up the DagBag from /opt/airflow/dags/src/lab.py
[2025-10-20T16:54:23.732+0000] {processor.py:755} WARNING - No viable dags retrieved from /opt/airflow/dags/src/lab.py
[2025-10-20T16:54:23.736+0000] {processor.py:175} INFO - Processing /opt/airflow/dags/src/lab.py took 0.248 seconds
[2025-10-20T16:54:53.940+0000] {processor.py:153} INFO - Started process (PID=1534) to work on /opt/airflow/dags/src/lab.py
[2025-10-20T16:54:53.941+0000] {processor.py:743} INFO - Processing file /opt/airflow/dags/src/lab.py for tasks to queue
[2025-10-20T16:54:53.942+0000] {logging_mixin.py:137} INFO - [2025-10-20T16:54:53.942+0000] {dagbag.py:538} INFO - Filling up the DagBag from /opt/airflow/dags/src/lab.py
[2025-10-20T16:54:54.198+0000] {processor.py:755} WARNING - No viable dags retrieved from /opt/airflow/dags/src/lab.py
[2025-10-20T16:54:54.203+0000] {processor.py:175} INFO - Processing /opt/airflow/dags/src/lab.py took 0.267 seconds
[2025-10-20T16:55:24.572+0000] {processor.py:153} INFO - Started process (PID=1631) to work on /opt/airflow/dags/src/lab.py
[2025-10-20T16:55:24.572+0000] {processor.py:743} INFO - Processing file /opt/airflow/dags/src/lab.py for tasks to queue
[2025-10-20T16:55:24.572+0000] {logging_mixin.py:137} INFO - [2025-10-20T16:55:24.572+0000] {dagbag.py:538} INFO - Filling up the DagBag from /opt/airflow/dags/src/lab.py
[2025-10-20T16:55:24.815+0000] {processor.py:755} WARNING - No viable dags retrieved from /opt/airflow/dags/src/lab.py
[2025-10-20T16:55:24.821+0000] {processor.py:175} INFO - Processing /opt/airflow/dags/src/lab.py took 0.252 seconds
[2025-10-20T16:55:55.026+0000] {processor.py:153} INFO - Started process (PID=1710) to work on /opt/airflow/dags/src/lab.py
[2025-10-20T16:55:55.027+0000] {processor.py:743} INFO - Processing file /opt/airflow/dags/src/lab.py for tasks to queue
[2025-10-20T16:55:55.028+0000] {logging_mixin.py:137} INFO - [2025-10-20T16:55:55.028+0000] {dagbag.py:538} INFO - Filling up the DagBag from /opt/airflow/dags/src/lab.py
[2025-10-20T16:55:55.277+0000] {processor.py:755} WARNING - No viable dags retrieved from /opt/airflow/dags/src/lab.py
[2025-10-20T16:55:55.282+0000] {processor.py:175} INFO - Processing /opt/airflow/dags/src/lab.py took 0.259 seconds
[2025-10-20T16:56:25.438+0000] {processor.py:153} INFO - Started process (PID=1807) to work on /opt/airflow/dags/src/lab.py
[2025-10-20T16:56:25.439+0000] {processor.py:743} INFO - Processing file /opt/airflow/dags/src/lab.py for tasks to queue
[2025-10-20T16:56:25.440+0000] {logging_mixin.py:137} INFO - [2025-10-20T16:56:25.439+0000] {dagbag.py:538} INFO - Filling up the DagBag from /opt/airflow/dags/src/lab.py
[2025-10-20T16:56:25.686+0000] {processor.py:755} WARNING - No viable dags retrieved from /opt/airflow/dags/src/lab.py
[2025-10-20T16:56:25.693+0000] {processor.py:175} INFO - Processing /opt/airflow/dags/src/lab.py took 0.259 seconds
[2025-10-20T16:56:55.971+0000] {processor.py:153} INFO - Started process (PID=1904) to work on /opt/airflow/dags/src/lab.py
[2025-10-20T16:56:55.972+0000] {processor.py:743} INFO - Processing file /opt/airflow/dags/src/lab.py for tasks to queue
[2025-10-20T16:56:55.973+0000] {logging_mixin.py:137} INFO - [2025-10-20T16:56:55.973+0000] {dagbag.py:538} INFO - Filling up the DagBag from /opt/airflow/dags/src/lab.py
[2025-10-20T16:56:56.219+0000] {processor.py:755} WARNING - No viable dags retrieved from /opt/airflow/dags/src/lab.py
[2025-10-20T16:56:56.226+0000] {processor.py:175} INFO - Processing /opt/airflow/dags/src/lab.py took 0.259 seconds
[2025-10-20T16:57:26.455+0000] {processor.py:153} INFO - Started process (PID=2001) to work on /opt/airflow/dags/src/lab.py
[2025-10-20T16:57:26.456+0000] {processor.py:743} INFO - Processing file /opt/airflow/dags/src/lab.py for tasks to queue
[2025-10-20T16:57:26.457+0000] {logging_mixin.py:137} INFO - [2025-10-20T16:57:26.456+0000] {dagbag.py:538} INFO - Filling up the DagBag from /opt/airflow/dags/src/lab.py
[2025-10-20T16:57:26.702+0000] {processor.py:755} WARNING - No viable dags retrieved from /opt/airflow/dags/src/lab.py
[2025-10-20T16:57:26.708+0000] {processor.py:175} INFO - Processing /opt/airflow/dags/src/lab.py took 0.256 seconds
[2025-10-20T16:57:57.047+0000] {processor.py:153} INFO - Started process (PID=2098) to work on /opt/airflow/dags/src/lab.py
[2025-10-20T16:57:57.048+0000] {processor.py:743} INFO - Processing file /opt/airflow/dags/src/lab.py for tasks to queue
[2025-10-20T16:57:57.048+0000] {logging_mixin.py:137} INFO - [2025-10-20T16:57:57.048+0000] {dagbag.py:538} INFO - Filling up the DagBag from /opt/airflow/dags/src/lab.py
[2025-10-20T16:57:57.366+0000] {processor.py:755} WARNING - No viable dags retrieved from /opt/airflow/dags/src/lab.py
[2025-10-20T16:57:57.372+0000] {processor.py:175} INFO - Processing /opt/airflow/dags/src/lab.py took 0.327 seconds
[2025-10-20T16:58:27.841+0000] {processor.py:153} INFO - Started process (PID=2177) to work on /opt/airflow/dags/src/lab.py
[2025-10-20T16:58:27.842+0000] {processor.py:743} INFO - Processing file /opt/airflow/dags/src/lab.py for tasks to queue
[2025-10-20T16:58:27.843+0000] {logging_mixin.py:137} INFO - [2025-10-20T16:58:27.843+0000] {dagbag.py:538} INFO - Filling up the DagBag from /opt/airflow/dags/src/lab.py
[2025-10-20T16:58:28.164+0000] {processor.py:755} WARNING - No viable dags retrieved from /opt/airflow/dags/src/lab.py
[2025-10-20T16:58:28.173+0000] {processor.py:175} INFO - Processing /opt/airflow/dags/src/lab.py took 0.337 seconds
[2025-10-20T16:58:58.569+0000] {processor.py:153} INFO - Started process (PID=2274) to work on /opt/airflow/dags/src/lab.py
[2025-10-20T16:58:58.571+0000] {processor.py:743} INFO - Processing file /opt/airflow/dags/src/lab.py for tasks to queue
[2025-10-20T16:58:58.571+0000] {logging_mixin.py:137} INFO - [2025-10-20T16:58:58.571+0000] {dagbag.py:538} INFO - Filling up the DagBag from /opt/airflow/dags/src/lab.py
[2025-10-20T16:58:58.831+0000] {processor.py:755} WARNING - No viable dags retrieved from /opt/airflow/dags/src/lab.py
[2025-10-20T16:58:58.837+0000] {processor.py:175} INFO - Processing /opt/airflow/dags/src/lab.py took 0.273 seconds
[2025-10-20T16:59:29.280+0000] {processor.py:153} INFO - Started process (PID=2370) to work on /opt/airflow/dags/src/lab.py
[2025-10-20T16:59:29.281+0000] {processor.py:743} INFO - Processing file /opt/airflow/dags/src/lab.py for tasks to queue
[2025-10-20T16:59:29.283+0000] {logging_mixin.py:137} INFO - [2025-10-20T16:59:29.283+0000] {dagbag.py:538} INFO - Filling up the DagBag from /opt/airflow/dags/src/lab.py
[2025-10-20T16:59:29.530+0000] {processor.py:755} WARNING - No viable dags retrieved from /opt/airflow/dags/src/lab.py
[2025-10-20T16:59:29.535+0000] {processor.py:175} INFO - Processing /opt/airflow/dags/src/lab.py took 0.259 seconds
[2025-10-20T16:59:59.937+0000] {processor.py:153} INFO - Started process (PID=2467) to work on /opt/airflow/dags/src/lab.py
[2025-10-20T16:59:59.938+0000] {processor.py:743} INFO - Processing file /opt/airflow/dags/src/lab.py for tasks to queue
[2025-10-20T16:59:59.938+0000] {logging_mixin.py:137} INFO - [2025-10-20T16:59:59.938+0000] {dagbag.py:538} INFO - Filling up the DagBag from /opt/airflow/dags/src/lab.py
[2025-10-20T17:00:00.191+0000] {processor.py:755} WARNING - No viable dags retrieved from /opt/airflow/dags/src/lab.py
[2025-10-20T17:00:00.196+0000] {processor.py:175} INFO - Processing /opt/airflow/dags/src/lab.py took 0.261 seconds
[2025-10-20T17:00:30.521+0000] {processor.py:153} INFO - Started process (PID=2564) to work on /opt/airflow/dags/src/lab.py
[2025-10-20T17:00:30.536+0000] {processor.py:743} INFO - Processing file /opt/airflow/dags/src/lab.py for tasks to queue
[2025-10-20T17:00:30.538+0000] {logging_mixin.py:137} INFO - [2025-10-20T17:00:30.538+0000] {dagbag.py:538} INFO - Filling up the DagBag from /opt/airflow/dags/src/lab.py
[2025-10-20T17:00:30.838+0000] {processor.py:755} WARNING - No viable dags retrieved from /opt/airflow/dags/src/lab.py
[2025-10-20T17:00:30.845+0000] {processor.py:175} INFO - Processing /opt/airflow/dags/src/lab.py took 0.339 seconds
[2025-10-20T17:01:01.289+0000] {processor.py:153} INFO - Started process (PID=2643) to work on /opt/airflow/dags/src/lab.py
[2025-10-20T17:01:01.290+0000] {processor.py:743} INFO - Processing file /opt/airflow/dags/src/lab.py for tasks to queue
[2025-10-20T17:01:01.290+0000] {logging_mixin.py:137} INFO - [2025-10-20T17:01:01.290+0000] {dagbag.py:538} INFO - Filling up the DagBag from /opt/airflow/dags/src/lab.py
[2025-10-20T17:01:01.560+0000] {processor.py:755} WARNING - No viable dags retrieved from /opt/airflow/dags/src/lab.py
[2025-10-20T17:01:01.566+0000] {processor.py:175} INFO - Processing /opt/airflow/dags/src/lab.py took 0.278 seconds
[2025-10-20T17:01:32.101+0000] {processor.py:153} INFO - Started process (PID=2740) to work on /opt/airflow/dags/src/lab.py
[2025-10-20T17:01:32.102+0000] {processor.py:743} INFO - Processing file /opt/airflow/dags/src/lab.py for tasks to queue
[2025-10-20T17:01:32.103+0000] {logging_mixin.py:137} INFO - [2025-10-20T17:01:32.102+0000] {dagbag.py:538} INFO - Filling up the DagBag from /opt/airflow/dags/src/lab.py
[2025-10-20T17:01:32.352+0000] {processor.py:755} WARNING - No viable dags retrieved from /opt/airflow/dags/src/lab.py
[2025-10-20T17:01:32.358+0000] {processor.py:175} INFO - Processing /opt/airflow/dags/src/lab.py took 0.261 seconds
[2025-10-20T17:02:02.707+0000] {processor.py:153} INFO - Started process (PID=2837) to work on /opt/airflow/dags/src/lab.py
[2025-10-20T17:02:02.708+0000] {processor.py:743} INFO - Processing file /opt/airflow/dags/src/lab.py for tasks to queue
[2025-10-20T17:02:02.709+0000] {logging_mixin.py:137} INFO - [2025-10-20T17:02:02.709+0000] {dagbag.py:538} INFO - Filling up the DagBag from /opt/airflow/dags/src/lab.py
[2025-10-20T17:02:02.970+0000] {processor.py:755} WARNING - No viable dags retrieved from /opt/airflow/dags/src/lab.py
[2025-10-20T17:02:02.976+0000] {processor.py:175} INFO - Processing /opt/airflow/dags/src/lab.py took 0.274 seconds
[2025-10-20T17:02:43.425+0000] {processor.py:153} INFO - Started process (PID=2916) to work on /opt/airflow/dags/src/lab.py
[2025-10-20T17:02:43.426+0000] {processor.py:743} INFO - Processing file /opt/airflow/dags/src/lab.py for tasks to queue
[2025-10-20T17:02:43.427+0000] {logging_mixin.py:137} INFO - [2025-10-20T17:02:43.427+0000] {dagbag.py:538} INFO - Filling up the DagBag from /opt/airflow/dags/src/lab.py
[2025-10-20T17:02:43.749+0000] {processor.py:755} WARNING - No viable dags retrieved from /opt/airflow/dags/src/lab.py
[2025-10-20T17:02:43.757+0000] {processor.py:175} INFO - Processing /opt/airflow/dags/src/lab.py took 0.336 seconds
[2025-10-20T17:06:22.863+0000] {processor.py:153} INFO - Started process (PID=3013) to work on /opt/airflow/dags/src/lab.py
[2025-10-20T17:06:22.865+0000] {processor.py:743} INFO - Processing file /opt/airflow/dags/src/lab.py for tasks to queue
[2025-10-20T17:06:22.865+0000] {logging_mixin.py:137} INFO - [2025-10-20T17:06:22.865+0000] {dagbag.py:538} INFO - Filling up the DagBag from /opt/airflow/dags/src/lab.py
[2025-10-20T17:06:23.969+0000] {processor.py:755} WARNING - No viable dags retrieved from /opt/airflow/dags/src/lab.py
[2025-10-20T17:06:23.982+0000] {processor.py:175} INFO - Processing /opt/airflow/dags/src/lab.py took 1.126 seconds
[2025-10-20T17:06:54.520+0000] {processor.py:153} INFO - Started process (PID=3110) to work on /opt/airflow/dags/src/lab.py
[2025-10-20T17:06:54.521+0000] {processor.py:743} INFO - Processing file /opt/airflow/dags/src/lab.py for tasks to queue
[2025-10-20T17:06:54.522+0000] {logging_mixin.py:137} INFO - [2025-10-20T17:06:54.521+0000] {dagbag.py:538} INFO - Filling up the DagBag from /opt/airflow/dags/src/lab.py
[2025-10-20T17:06:54.990+0000] {processor.py:755} WARNING - No viable dags retrieved from /opt/airflow/dags/src/lab.py
[2025-10-20T17:06:55.000+0000] {processor.py:175} INFO - Processing /opt/airflow/dags/src/lab.py took 0.485 seconds
[2025-10-20T17:07:25.386+0000] {processor.py:153} INFO - Started process (PID=3207) to work on /opt/airflow/dags/src/lab.py
[2025-10-20T17:07:25.387+0000] {processor.py:743} INFO - Processing file /opt/airflow/dags/src/lab.py for tasks to queue
[2025-10-20T17:07:25.387+0000] {logging_mixin.py:137} INFO - [2025-10-20T17:07:25.387+0000] {dagbag.py:538} INFO - Filling up the DagBag from /opt/airflow/dags/src/lab.py
[2025-10-20T17:07:25.646+0000] {processor.py:755} WARNING - No viable dags retrieved from /opt/airflow/dags/src/lab.py
[2025-10-20T17:07:25.654+0000] {processor.py:175} INFO - Processing /opt/airflow/dags/src/lab.py took 0.272 seconds
[2025-10-20T17:07:55.990+0000] {processor.py:153} INFO - Started process (PID=3304) to work on /opt/airflow/dags/src/lab.py
[2025-10-20T17:07:55.990+0000] {processor.py:743} INFO - Processing file /opt/airflow/dags/src/lab.py for tasks to queue
[2025-10-20T17:07:55.991+0000] {logging_mixin.py:137} INFO - [2025-10-20T17:07:55.991+0000] {dagbag.py:538} INFO - Filling up the DagBag from /opt/airflow/dags/src/lab.py
[2025-10-20T17:07:56.323+0000] {processor.py:755} WARNING - No viable dags retrieved from /opt/airflow/dags/src/lab.py
[2025-10-20T17:07:56.328+0000] {processor.py:175} INFO - Processing /opt/airflow/dags/src/lab.py took 0.342 seconds
[2025-10-20T17:08:26.657+0000] {processor.py:153} INFO - Started process (PID=3382) to work on /opt/airflow/dags/src/lab.py
[2025-10-20T17:08:26.658+0000] {processor.py:743} INFO - Processing file /opt/airflow/dags/src/lab.py for tasks to queue
[2025-10-20T17:08:26.659+0000] {logging_mixin.py:137} INFO - [2025-10-20T17:08:26.659+0000] {dagbag.py:538} INFO - Filling up the DagBag from /opt/airflow/dags/src/lab.py
[2025-10-20T17:08:26.949+0000] {processor.py:755} WARNING - No viable dags retrieved from /opt/airflow/dags/src/lab.py
[2025-10-20T17:08:26.960+0000] {processor.py:175} INFO - Processing /opt/airflow/dags/src/lab.py took 0.310 seconds
[2025-10-20T17:08:57.530+0000] {processor.py:153} INFO - Started process (PID=3479) to work on /opt/airflow/dags/src/lab.py
[2025-10-20T17:08:57.532+0000] {processor.py:743} INFO - Processing file /opt/airflow/dags/src/lab.py for tasks to queue
[2025-10-20T17:08:57.533+0000] {logging_mixin.py:137} INFO - [2025-10-20T17:08:57.533+0000] {dagbag.py:538} INFO - Filling up the DagBag from /opt/airflow/dags/src/lab.py
[2025-10-20T17:08:57.883+0000] {processor.py:755} WARNING - No viable dags retrieved from /opt/airflow/dags/src/lab.py
[2025-10-20T17:08:57.891+0000] {processor.py:175} INFO - Processing /opt/airflow/dags/src/lab.py took 0.366 seconds
[2025-10-20T17:09:28.461+0000] {processor.py:153} INFO - Started process (PID=3576) to work on /opt/airflow/dags/src/lab.py
[2025-10-20T17:09:28.462+0000] {processor.py:743} INFO - Processing file /opt/airflow/dags/src/lab.py for tasks to queue
[2025-10-20T17:09:28.463+0000] {logging_mixin.py:137} INFO - [2025-10-20T17:09:28.463+0000] {dagbag.py:538} INFO - Filling up the DagBag from /opt/airflow/dags/src/lab.py
[2025-10-20T17:09:28.793+0000] {processor.py:755} WARNING - No viable dags retrieved from /opt/airflow/dags/src/lab.py
[2025-10-20T17:09:28.800+0000] {processor.py:175} INFO - Processing /opt/airflow/dags/src/lab.py took 0.345 seconds
[2025-10-20T17:09:37.911+0000] {processor.py:153} INFO - Started process (PID=3637) to work on /opt/airflow/dags/src/lab.py
[2025-10-20T17:09:37.911+0000] {processor.py:743} INFO - Processing file /opt/airflow/dags/src/lab.py for tasks to queue
[2025-10-20T17:09:37.912+0000] {logging_mixin.py:137} INFO - [2025-10-20T17:09:37.912+0000] {dagbag.py:538} INFO - Filling up the DagBag from /opt/airflow/dags/src/lab.py
[2025-10-20T17:09:38.183+0000] {processor.py:755} WARNING - No viable dags retrieved from /opt/airflow/dags/src/lab.py
[2025-10-20T17:09:38.190+0000] {processor.py:175} INFO - Processing /opt/airflow/dags/src/lab.py took 0.283 seconds
[2025-10-20T17:09:58.932+0000] {processor.py:153} INFO - Started process (PID=39) to work on /opt/airflow/dags/src/lab.py
[2025-10-20T17:09:58.935+0000] {processor.py:743} INFO - Processing file /opt/airflow/dags/src/lab.py for tasks to queue
[2025-10-20T17:09:58.937+0000] {logging_mixin.py:137} INFO - [2025-10-20T17:09:58.937+0000] {dagbag.py:538} INFO - Filling up the DagBag from /opt/airflow/dags/src/lab.py
[2025-10-20T17:09:59.739+0000] {processor.py:755} WARNING - No viable dags retrieved from /opt/airflow/dags/src/lab.py
[2025-10-20T17:09:59.747+0000] {processor.py:175} INFO - Processing /opt/airflow/dags/src/lab.py took 0.817 seconds
[2025-10-20T17:10:30.573+0000] {processor.py:153} INFO - Started process (PID=136) to work on /opt/airflow/dags/src/lab.py
[2025-10-20T17:10:30.575+0000] {processor.py:743} INFO - Processing file /opt/airflow/dags/src/lab.py for tasks to queue
[2025-10-20T17:10:30.575+0000] {logging_mixin.py:137} INFO - [2025-10-20T17:10:30.575+0000] {dagbag.py:538} INFO - Filling up the DagBag from /opt/airflow/dags/src/lab.py
[2025-10-20T17:10:30.923+0000] {processor.py:755} WARNING - No viable dags retrieved from /opt/airflow/dags/src/lab.py
[2025-10-20T17:10:30.930+0000] {processor.py:175} INFO - Processing /opt/airflow/dags/src/lab.py took 0.361 seconds
[2025-10-20T17:11:01.794+0000] {processor.py:153} INFO - Started process (PID=231) to work on /opt/airflow/dags/src/lab.py
[2025-10-20T17:11:01.796+0000] {processor.py:743} INFO - Processing file /opt/airflow/dags/src/lab.py for tasks to queue
[2025-10-20T17:11:01.797+0000] {logging_mixin.py:137} INFO - [2025-10-20T17:11:01.797+0000] {dagbag.py:538} INFO - Filling up the DagBag from /opt/airflow/dags/src/lab.py
[2025-10-20T17:11:02.139+0000] {processor.py:755} WARNING - No viable dags retrieved from /opt/airflow/dags/src/lab.py
[2025-10-20T17:11:02.150+0000] {processor.py:175} INFO - Processing /opt/airflow/dags/src/lab.py took 0.361 seconds
[2025-10-20T17:11:32.451+0000] {processor.py:153} INFO - Started process (PID=310) to work on /opt/airflow/dags/src/lab.py
[2025-10-20T17:11:32.451+0000] {processor.py:743} INFO - Processing file /opt/airflow/dags/src/lab.py for tasks to queue
[2025-10-20T17:11:32.452+0000] {logging_mixin.py:137} INFO - [2025-10-20T17:11:32.451+0000] {dagbag.py:538} INFO - Filling up the DagBag from /opt/airflow/dags/src/lab.py
[2025-10-20T17:11:32.723+0000] {processor.py:755} WARNING - No viable dags retrieved from /opt/airflow/dags/src/lab.py
[2025-10-20T17:11:32.734+0000] {processor.py:175} INFO - Processing /opt/airflow/dags/src/lab.py took 0.284 seconds
[2025-10-20T17:12:03.345+0000] {processor.py:153} INFO - Started process (PID=407) to work on /opt/airflow/dags/src/lab.py
[2025-10-20T17:12:03.346+0000] {processor.py:743} INFO - Processing file /opt/airflow/dags/src/lab.py for tasks to queue
[2025-10-20T17:12:03.347+0000] {logging_mixin.py:137} INFO - [2025-10-20T17:12:03.347+0000] {dagbag.py:538} INFO - Filling up the DagBag from /opt/airflow/dags/src/lab.py
[2025-10-20T17:12:03.619+0000] {processor.py:755} WARNING - No viable dags retrieved from /opt/airflow/dags/src/lab.py
[2025-10-20T17:12:03.626+0000] {processor.py:175} INFO - Processing /opt/airflow/dags/src/lab.py took 0.285 seconds
[2025-10-20T17:12:34.007+0000] {processor.py:153} INFO - Started process (PID=504) to work on /opt/airflow/dags/src/lab.py
[2025-10-20T17:12:34.008+0000] {processor.py:743} INFO - Processing file /opt/airflow/dags/src/lab.py for tasks to queue
[2025-10-20T17:12:34.009+0000] {logging_mixin.py:137} INFO - [2025-10-20T17:12:34.009+0000] {dagbag.py:538} INFO - Filling up the DagBag from /opt/airflow/dags/src/lab.py
[2025-10-20T17:12:34.310+0000] {processor.py:755} WARNING - No viable dags retrieved from /opt/airflow/dags/src/lab.py
[2025-10-20T17:12:34.316+0000] {processor.py:175} INFO - Processing /opt/airflow/dags/src/lab.py took 0.312 seconds
[2025-10-20T17:13:04.623+0000] {processor.py:153} INFO - Started process (PID=601) to work on /opt/airflow/dags/src/lab.py
[2025-10-20T17:13:04.624+0000] {processor.py:743} INFO - Processing file /opt/airflow/dags/src/lab.py for tasks to queue
[2025-10-20T17:13:04.626+0000] {logging_mixin.py:137} INFO - [2025-10-20T17:13:04.626+0000] {dagbag.py:538} INFO - Filling up the DagBag from /opt/airflow/dags/src/lab.py
[2025-10-20T17:13:04.884+0000] {processor.py:755} WARNING - No viable dags retrieved from /opt/airflow/dags/src/lab.py
[2025-10-20T17:13:04.889+0000] {processor.py:175} INFO - Processing /opt/airflow/dags/src/lab.py took 0.270 seconds
[2025-10-20T17:13:35.262+0000] {processor.py:153} INFO - Started process (PID=698) to work on /opt/airflow/dags/src/lab.py
[2025-10-20T17:13:35.264+0000] {processor.py:743} INFO - Processing file /opt/airflow/dags/src/lab.py for tasks to queue
[2025-10-20T17:13:35.264+0000] {logging_mixin.py:137} INFO - [2025-10-20T17:13:35.264+0000] {dagbag.py:538} INFO - Filling up the DagBag from /opt/airflow/dags/src/lab.py
[2025-10-20T17:13:35.673+0000] {processor.py:755} WARNING - No viable dags retrieved from /opt/airflow/dags/src/lab.py
[2025-10-20T17:13:35.683+0000] {processor.py:175} INFO - Processing /opt/airflow/dags/src/lab.py took 0.424 seconds
[2025-10-20T17:14:06.092+0000] {processor.py:153} INFO - Started process (PID=777) to work on /opt/airflow/dags/src/lab.py
[2025-10-20T17:14:06.093+0000] {processor.py:743} INFO - Processing file /opt/airflow/dags/src/lab.py for tasks to queue
[2025-10-20T17:14:06.095+0000] {logging_mixin.py:137} INFO - [2025-10-20T17:14:06.094+0000] {dagbag.py:538} INFO - Filling up the DagBag from /opt/airflow/dags/src/lab.py
[2025-10-20T17:14:06.359+0000] {processor.py:755} WARNING - No viable dags retrieved from /opt/airflow/dags/src/lab.py
[2025-10-20T17:14:06.370+0000] {processor.py:175} INFO - Processing /opt/airflow/dags/src/lab.py took 0.282 seconds
[2025-10-20T17:14:36.861+0000] {processor.py:153} INFO - Started process (PID=874) to work on /opt/airflow/dags/src/lab.py
[2025-10-20T17:14:36.861+0000] {processor.py:743} INFO - Processing file /opt/airflow/dags/src/lab.py for tasks to queue
[2025-10-20T17:14:36.862+0000] {logging_mixin.py:137} INFO - [2025-10-20T17:14:36.862+0000] {dagbag.py:538} INFO - Filling up the DagBag from /opt/airflow/dags/src/lab.py
[2025-10-20T17:14:37.117+0000] {processor.py:755} WARNING - No viable dags retrieved from /opt/airflow/dags/src/lab.py
[2025-10-20T17:14:37.122+0000] {processor.py:175} INFO - Processing /opt/airflow/dags/src/lab.py took 0.263 seconds
[2025-10-20T17:15:07.510+0000] {processor.py:153} INFO - Started process (PID=971) to work on /opt/airflow/dags/src/lab.py
[2025-10-20T17:15:07.511+0000] {processor.py:743} INFO - Processing file /opt/airflow/dags/src/lab.py for tasks to queue
[2025-10-20T17:15:07.512+0000] {logging_mixin.py:137} INFO - [2025-10-20T17:15:07.512+0000] {dagbag.py:538} INFO - Filling up the DagBag from /opt/airflow/dags/src/lab.py
[2025-10-20T17:15:07.857+0000] {processor.py:755} WARNING - No viable dags retrieved from /opt/airflow/dags/src/lab.py
[2025-10-20T17:15:07.864+0000] {processor.py:175} INFO - Processing /opt/airflow/dags/src/lab.py took 0.359 seconds
[2025-10-20T17:15:38.102+0000] {processor.py:153} INFO - Started process (PID=1068) to work on /opt/airflow/dags/src/lab.py
[2025-10-20T17:15:38.103+0000] {processor.py:743} INFO - Processing file /opt/airflow/dags/src/lab.py for tasks to queue
[2025-10-20T17:15:38.103+0000] {logging_mixin.py:137} INFO - [2025-10-20T17:15:38.103+0000] {dagbag.py:538} INFO - Filling up the DagBag from /opt/airflow/dags/src/lab.py
[2025-10-20T17:15:38.370+0000] {processor.py:755} WARNING - No viable dags retrieved from /opt/airflow/dags/src/lab.py
[2025-10-20T17:15:38.375+0000] {processor.py:175} INFO - Processing /opt/airflow/dags/src/lab.py took 0.279 seconds
[2025-10-20T17:16:08.625+0000] {processor.py:153} INFO - Started process (PID=1164) to work on /opt/airflow/dags/src/lab.py
[2025-10-20T17:16:08.626+0000] {processor.py:743} INFO - Processing file /opt/airflow/dags/src/lab.py for tasks to queue
[2025-10-20T17:16:08.627+0000] {logging_mixin.py:137} INFO - [2025-10-20T17:16:08.627+0000] {dagbag.py:538} INFO - Filling up the DagBag from /opt/airflow/dags/src/lab.py
[2025-10-20T17:16:08.997+0000] {processor.py:755} WARNING - No viable dags retrieved from /opt/airflow/dags/src/lab.py
[2025-10-20T17:16:09.009+0000] {processor.py:175} INFO - Processing /opt/airflow/dags/src/lab.py took 0.385 seconds
[2025-10-20T17:16:39.237+0000] {processor.py:153} INFO - Started process (PID=1243) to work on /opt/airflow/dags/src/lab.py
[2025-10-20T17:16:39.237+0000] {processor.py:743} INFO - Processing file /opt/airflow/dags/src/lab.py for tasks to queue
[2025-10-20T17:16:39.238+0000] {logging_mixin.py:137} INFO - [2025-10-20T17:16:39.238+0000] {dagbag.py:538} INFO - Filling up the DagBag from /opt/airflow/dags/src/lab.py
[2025-10-20T17:16:39.500+0000] {processor.py:755} WARNING - No viable dags retrieved from /opt/airflow/dags/src/lab.py
[2025-10-20T17:16:39.505+0000] {processor.py:175} INFO - Processing /opt/airflow/dags/src/lab.py took 0.271 seconds
[2025-10-20T17:17:09.788+0000] {processor.py:153} INFO - Started process (PID=1340) to work on /opt/airflow/dags/src/lab.py
[2025-10-20T17:17:09.789+0000] {processor.py:743} INFO - Processing file /opt/airflow/dags/src/lab.py for tasks to queue
[2025-10-20T17:17:09.791+0000] {logging_mixin.py:137} INFO - [2025-10-20T17:17:09.790+0000] {dagbag.py:538} INFO - Filling up the DagBag from /opt/airflow/dags/src/lab.py
[2025-10-20T17:17:10.064+0000] {processor.py:755} WARNING - No viable dags retrieved from /opt/airflow/dags/src/lab.py
[2025-10-20T17:17:10.070+0000] {processor.py:175} INFO - Processing /opt/airflow/dags/src/lab.py took 0.288 seconds
[2025-10-20T17:17:40.319+0000] {processor.py:153} INFO - Started process (PID=1437) to work on /opt/airflow/dags/src/lab.py
[2025-10-20T17:17:40.319+0000] {processor.py:743} INFO - Processing file /opt/airflow/dags/src/lab.py for tasks to queue
[2025-10-20T17:17:40.320+0000] {logging_mixin.py:137} INFO - [2025-10-20T17:17:40.320+0000] {dagbag.py:538} INFO - Filling up the DagBag from /opt/airflow/dags/src/lab.py
[2025-10-20T17:17:40.574+0000] {processor.py:755} WARNING - No viable dags retrieved from /opt/airflow/dags/src/lab.py
[2025-10-20T17:17:40.581+0000] {processor.py:175} INFO - Processing /opt/airflow/dags/src/lab.py took 0.264 seconds
[2025-10-20T17:18:10.838+0000] {processor.py:153} INFO - Started process (PID=1534) to work on /opt/airflow/dags/src/lab.py
[2025-10-20T17:18:10.840+0000] {processor.py:743} INFO - Processing file /opt/airflow/dags/src/lab.py for tasks to queue
[2025-10-20T17:18:10.841+0000] {logging_mixin.py:137} INFO - [2025-10-20T17:18:10.841+0000] {dagbag.py:538} INFO - Filling up the DagBag from /opt/airflow/dags/src/lab.py
[2025-10-20T17:18:11.135+0000] {processor.py:755} WARNING - No viable dags retrieved from /opt/airflow/dags/src/lab.py
[2025-10-20T17:18:11.147+0000] {processor.py:175} INFO - Processing /opt/airflow/dags/src/lab.py took 0.312 seconds
[2025-10-20T17:18:41.439+0000] {processor.py:153} INFO - Started process (PID=1613) to work on /opt/airflow/dags/src/lab.py
[2025-10-20T17:18:41.441+0000] {processor.py:743} INFO - Processing file /opt/airflow/dags/src/lab.py for tasks to queue
[2025-10-20T17:18:41.442+0000] {logging_mixin.py:137} INFO - [2025-10-20T17:18:41.442+0000] {dagbag.py:538} INFO - Filling up the DagBag from /opt/airflow/dags/src/lab.py
[2025-10-20T17:18:41.757+0000] {processor.py:755} WARNING - No viable dags retrieved from /opt/airflow/dags/src/lab.py
[2025-10-20T17:18:41.766+0000] {processor.py:175} INFO - Processing /opt/airflow/dags/src/lab.py took 0.331 seconds
[2025-10-20T17:19:12.238+0000] {processor.py:153} INFO - Started process (PID=1710) to work on /opt/airflow/dags/src/lab.py
[2025-10-20T17:19:12.240+0000] {processor.py:743} INFO - Processing file /opt/airflow/dags/src/lab.py for tasks to queue
[2025-10-20T17:19:12.241+0000] {logging_mixin.py:137} INFO - [2025-10-20T17:19:12.241+0000] {dagbag.py:538} INFO - Filling up the DagBag from /opt/airflow/dags/src/lab.py
[2025-10-20T17:19:12.497+0000] {processor.py:755} WARNING - No viable dags retrieved from /opt/airflow/dags/src/lab.py
[2025-10-20T17:19:12.504+0000] {processor.py:175} INFO - Processing /opt/airflow/dags/src/lab.py took 0.270 seconds
[2025-10-20T17:19:42.648+0000] {processor.py:153} INFO - Started process (PID=1807) to work on /opt/airflow/dags/src/lab.py
[2025-10-20T17:19:42.650+0000] {processor.py:743} INFO - Processing file /opt/airflow/dags/src/lab.py for tasks to queue
[2025-10-20T17:19:42.650+0000] {logging_mixin.py:137} INFO - [2025-10-20T17:19:42.650+0000] {dagbag.py:538} INFO - Filling up the DagBag from /opt/airflow/dags/src/lab.py
[2025-10-20T17:19:42.898+0000] {processor.py:755} WARNING - No viable dags retrieved from /opt/airflow/dags/src/lab.py
[2025-10-20T17:19:42.906+0000] {processor.py:175} INFO - Processing /opt/airflow/dags/src/lab.py took 0.261 seconds
[2025-10-20T17:20:13.127+0000] {processor.py:153} INFO - Started process (PID=1904) to work on /opt/airflow/dags/src/lab.py
[2025-10-20T17:20:13.127+0000] {processor.py:743} INFO - Processing file /opt/airflow/dags/src/lab.py for tasks to queue
[2025-10-20T17:20:13.128+0000] {logging_mixin.py:137} INFO - [2025-10-20T17:20:13.128+0000] {dagbag.py:538} INFO - Filling up the DagBag from /opt/airflow/dags/src/lab.py
[2025-10-20T17:20:13.377+0000] {processor.py:755} WARNING - No viable dags retrieved from /opt/airflow/dags/src/lab.py
[2025-10-20T17:20:13.383+0000] {processor.py:175} INFO - Processing /opt/airflow/dags/src/lab.py took 0.259 seconds
[2025-10-20T17:20:43.623+0000] {processor.py:153} INFO - Started process (PID=2001) to work on /opt/airflow/dags/src/lab.py
[2025-10-20T17:20:43.624+0000] {processor.py:743} INFO - Processing file /opt/airflow/dags/src/lab.py for tasks to queue
[2025-10-20T17:20:43.625+0000] {logging_mixin.py:137} INFO - [2025-10-20T17:20:43.625+0000] {dagbag.py:538} INFO - Filling up the DagBag from /opt/airflow/dags/src/lab.py
[2025-10-20T17:20:43.875+0000] {processor.py:755} WARNING - No viable dags retrieved from /opt/airflow/dags/src/lab.py
[2025-10-20T17:20:43.882+0000] {processor.py:175} INFO - Processing /opt/airflow/dags/src/lab.py took 0.262 seconds
[2025-10-20T17:21:14.144+0000] {processor.py:153} INFO - Started process (PID=2080) to work on /opt/airflow/dags/src/lab.py
[2025-10-20T17:21:14.145+0000] {processor.py:743} INFO - Processing file /opt/airflow/dags/src/lab.py for tasks to queue
[2025-10-20T17:21:14.146+0000] {logging_mixin.py:137} INFO - [2025-10-20T17:21:14.146+0000] {dagbag.py:538} INFO - Filling up the DagBag from /opt/airflow/dags/src/lab.py
[2025-10-20T17:21:14.399+0000] {processor.py:755} WARNING - No viable dags retrieved from /opt/airflow/dags/src/lab.py
[2025-10-20T17:21:14.407+0000] {processor.py:175} INFO - Processing /opt/airflow/dags/src/lab.py took 0.267 seconds
[2025-10-20T17:21:44.931+0000] {processor.py:153} INFO - Started process (PID=2177) to work on /opt/airflow/dags/src/lab.py
[2025-10-20T17:21:44.932+0000] {processor.py:743} INFO - Processing file /opt/airflow/dags/src/lab.py for tasks to queue
[2025-10-20T17:21:44.933+0000] {logging_mixin.py:137} INFO - [2025-10-20T17:21:44.933+0000] {dagbag.py:538} INFO - Filling up the DagBag from /opt/airflow/dags/src/lab.py
[2025-10-20T17:21:45.191+0000] {processor.py:755} WARNING - No viable dags retrieved from /opt/airflow/dags/src/lab.py
[2025-10-20T17:21:45.196+0000] {processor.py:175} INFO - Processing /opt/airflow/dags/src/lab.py took 0.270 seconds
[2025-10-20T17:22:15.442+0000] {processor.py:153} INFO - Started process (PID=2274) to work on /opt/airflow/dags/src/lab.py
[2025-10-20T17:22:15.443+0000] {processor.py:743} INFO - Processing file /opt/airflow/dags/src/lab.py for tasks to queue
[2025-10-20T17:22:15.443+0000] {logging_mixin.py:137} INFO - [2025-10-20T17:22:15.443+0000] {dagbag.py:538} INFO - Filling up the DagBag from /opt/airflow/dags/src/lab.py
[2025-10-20T17:22:15.711+0000] {processor.py:755} WARNING - No viable dags retrieved from /opt/airflow/dags/src/lab.py
[2025-10-20T17:22:15.716+0000] {processor.py:175} INFO - Processing /opt/airflow/dags/src/lab.py took 0.279 seconds
[2025-10-20T17:22:45.914+0000] {processor.py:153} INFO - Started process (PID=2371) to work on /opt/airflow/dags/src/lab.py
[2025-10-20T17:22:45.916+0000] {processor.py:743} INFO - Processing file /opt/airflow/dags/src/lab.py for tasks to queue
[2025-10-20T17:22:45.916+0000] {logging_mixin.py:137} INFO - [2025-10-20T17:22:45.916+0000] {dagbag.py:538} INFO - Filling up the DagBag from /opt/airflow/dags/src/lab.py
[2025-10-20T17:22:46.169+0000] {processor.py:755} WARNING - No viable dags retrieved from /opt/airflow/dags/src/lab.py
[2025-10-20T17:22:46.176+0000] {processor.py:175} INFO - Processing /opt/airflow/dags/src/lab.py took 0.266 seconds
[2025-10-20T17:23:16.344+0000] {processor.py:153} INFO - Started process (PID=2468) to work on /opt/airflow/dags/src/lab.py
[2025-10-20T17:23:16.344+0000] {processor.py:743} INFO - Processing file /opt/airflow/dags/src/lab.py for tasks to queue
[2025-10-20T17:23:16.345+0000] {logging_mixin.py:137} INFO - [2025-10-20T17:23:16.345+0000] {dagbag.py:538} INFO - Filling up the DagBag from /opt/airflow/dags/src/lab.py
[2025-10-20T17:23:16.623+0000] {processor.py:755} WARNING - No viable dags retrieved from /opt/airflow/dags/src/lab.py
[2025-10-20T17:23:16.630+0000] {processor.py:175} INFO - Processing /opt/airflow/dags/src/lab.py took 0.287 seconds
[2025-10-20T17:23:46.840+0000] {processor.py:153} INFO - Started process (PID=2547) to work on /opt/airflow/dags/src/lab.py
[2025-10-20T17:23:46.840+0000] {processor.py:743} INFO - Processing file /opt/airflow/dags/src/lab.py for tasks to queue
[2025-10-20T17:23:46.841+0000] {logging_mixin.py:137} INFO - [2025-10-20T17:23:46.841+0000] {dagbag.py:538} INFO - Filling up the DagBag from /opt/airflow/dags/src/lab.py
[2025-10-20T17:23:47.138+0000] {processor.py:755} WARNING - No viable dags retrieved from /opt/airflow/dags/src/lab.py
[2025-10-20T17:23:47.143+0000] {processor.py:175} INFO - Processing /opt/airflow/dags/src/lab.py took 0.305 seconds
[2025-10-20T17:24:17.404+0000] {processor.py:153} INFO - Started process (PID=2644) to work on /opt/airflow/dags/src/lab.py
[2025-10-20T17:24:17.405+0000] {processor.py:743} INFO - Processing file /opt/airflow/dags/src/lab.py for tasks to queue
[2025-10-20T17:24:17.406+0000] {logging_mixin.py:137} INFO - [2025-10-20T17:24:17.406+0000] {dagbag.py:538} INFO - Filling up the DagBag from /opt/airflow/dags/src/lab.py
[2025-10-20T17:24:17.658+0000] {processor.py:755} WARNING - No viable dags retrieved from /opt/airflow/dags/src/lab.py
[2025-10-20T17:24:17.665+0000] {processor.py:175} INFO - Processing /opt/airflow/dags/src/lab.py took 0.265 seconds
[2025-10-20T17:24:47.904+0000] {processor.py:153} INFO - Started process (PID=2741) to work on /opt/airflow/dags/src/lab.py
[2025-10-20T17:24:47.905+0000] {processor.py:743} INFO - Processing file /opt/airflow/dags/src/lab.py for tasks to queue
[2025-10-20T17:24:47.905+0000] {logging_mixin.py:137} INFO - [2025-10-20T17:24:47.905+0000] {dagbag.py:538} INFO - Filling up the DagBag from /opt/airflow/dags/src/lab.py
[2025-10-20T17:24:48.163+0000] {processor.py:755} WARNING - No viable dags retrieved from /opt/airflow/dags/src/lab.py
[2025-10-20T17:24:48.169+0000] {processor.py:175} INFO - Processing /opt/airflow/dags/src/lab.py took 0.269 seconds
[2025-10-20T17:25:18.421+0000] {processor.py:153} INFO - Started process (PID=2838) to work on /opt/airflow/dags/src/lab.py
[2025-10-20T17:25:18.422+0000] {processor.py:743} INFO - Processing file /opt/airflow/dags/src/lab.py for tasks to queue
[2025-10-20T17:25:18.424+0000] {logging_mixin.py:137} INFO - [2025-10-20T17:25:18.423+0000] {dagbag.py:538} INFO - Filling up the DagBag from /opt/airflow/dags/src/lab.py
[2025-10-20T17:25:18.684+0000] {processor.py:755} WARNING - No viable dags retrieved from /opt/airflow/dags/src/lab.py
[2025-10-20T17:25:18.690+0000] {processor.py:175} INFO - Processing /opt/airflow/dags/src/lab.py took 0.273 seconds
[2025-10-20T17:25:48.941+0000] {processor.py:153} INFO - Started process (PID=2935) to work on /opt/airflow/dags/src/lab.py
[2025-10-20T17:25:48.941+0000] {processor.py:743} INFO - Processing file /opt/airflow/dags/src/lab.py for tasks to queue
[2025-10-20T17:25:48.942+0000] {logging_mixin.py:137} INFO - [2025-10-20T17:25:48.942+0000] {dagbag.py:538} INFO - Filling up the DagBag from /opt/airflow/dags/src/lab.py
[2025-10-20T17:25:49.245+0000] {processor.py:755} WARNING - No viable dags retrieved from /opt/airflow/dags/src/lab.py
[2025-10-20T17:25:49.253+0000] {processor.py:175} INFO - Processing /opt/airflow/dags/src/lab.py took 0.314 seconds
[2025-10-20T17:26:19.559+0000] {processor.py:153} INFO - Started process (PID=3014) to work on /opt/airflow/dags/src/lab.py
[2025-10-20T17:26:19.560+0000] {processor.py:743} INFO - Processing file /opt/airflow/dags/src/lab.py for tasks to queue
[2025-10-20T17:26:19.561+0000] {logging_mixin.py:137} INFO - [2025-10-20T17:26:19.561+0000] {dagbag.py:538} INFO - Filling up the DagBag from /opt/airflow/dags/src/lab.py
[2025-10-20T17:26:19.816+0000] {processor.py:755} WARNING - No viable dags retrieved from /opt/airflow/dags/src/lab.py
[2025-10-20T17:26:19.823+0000] {processor.py:175} INFO - Processing /opt/airflow/dags/src/lab.py took 0.268 seconds
[2025-10-20T17:26:50.104+0000] {processor.py:153} INFO - Started process (PID=3111) to work on /opt/airflow/dags/src/lab.py
[2025-10-20T17:26:50.105+0000] {processor.py:743} INFO - Processing file /opt/airflow/dags/src/lab.py for tasks to queue
[2025-10-20T17:26:50.106+0000] {logging_mixin.py:137} INFO - [2025-10-20T17:26:50.106+0000] {dagbag.py:538} INFO - Filling up the DagBag from /opt/airflow/dags/src/lab.py
[2025-10-20T17:26:50.355+0000] {processor.py:755} WARNING - No viable dags retrieved from /opt/airflow/dags/src/lab.py
[2025-10-20T17:26:50.364+0000] {processor.py:175} INFO - Processing /opt/airflow/dags/src/lab.py took 0.262 seconds
[2025-10-20T17:27:20.735+0000] {processor.py:153} INFO - Started process (PID=3208) to work on /opt/airflow/dags/src/lab.py
[2025-10-20T17:27:20.736+0000] {processor.py:743} INFO - Processing file /opt/airflow/dags/src/lab.py for tasks to queue
[2025-10-20T17:27:20.737+0000] {logging_mixin.py:137} INFO - [2025-10-20T17:27:20.737+0000] {dagbag.py:538} INFO - Filling up the DagBag from /opt/airflow/dags/src/lab.py
[2025-10-20T17:27:20.990+0000] {processor.py:755} WARNING - No viable dags retrieved from /opt/airflow/dags/src/lab.py
[2025-10-20T17:27:20.997+0000] {processor.py:175} INFO - Processing /opt/airflow/dags/src/lab.py took 0.266 seconds
[2025-10-20T17:27:51.422+0000] {processor.py:153} INFO - Started process (PID=3305) to work on /opt/airflow/dags/src/lab.py
[2025-10-20T17:27:51.423+0000] {processor.py:743} INFO - Processing file /opt/airflow/dags/src/lab.py for tasks to queue
[2025-10-20T17:27:51.425+0000] {logging_mixin.py:137} INFO - [2025-10-20T17:27:51.424+0000] {dagbag.py:538} INFO - Filling up the DagBag from /opt/airflow/dags/src/lab.py
[2025-10-20T17:27:51.677+0000] {processor.py:755} WARNING - No viable dags retrieved from /opt/airflow/dags/src/lab.py
[2025-10-20T17:27:51.682+0000] {processor.py:175} INFO - Processing /opt/airflow/dags/src/lab.py took 0.264 seconds
[2025-10-20T17:28:21.975+0000] {processor.py:153} INFO - Started process (PID=3402) to work on /opt/airflow/dags/src/lab.py
[2025-10-20T17:28:21.976+0000] {processor.py:743} INFO - Processing file /opt/airflow/dags/src/lab.py for tasks to queue
[2025-10-20T17:28:21.976+0000] {logging_mixin.py:137} INFO - [2025-10-20T17:28:21.976+0000] {dagbag.py:538} INFO - Filling up the DagBag from /opt/airflow/dags/src/lab.py
[2025-10-20T17:28:22.267+0000] {processor.py:755} WARNING - No viable dags retrieved from /opt/airflow/dags/src/lab.py
[2025-10-20T17:28:22.273+0000] {processor.py:175} INFO - Processing /opt/airflow/dags/src/lab.py took 0.299 seconds
[2025-10-20T17:28:52.592+0000] {processor.py:153} INFO - Started process (PID=3481) to work on /opt/airflow/dags/src/lab.py
[2025-10-20T17:28:52.592+0000] {processor.py:743} INFO - Processing file /opt/airflow/dags/src/lab.py for tasks to queue
[2025-10-20T17:28:52.593+0000] {logging_mixin.py:137} INFO - [2025-10-20T17:28:52.593+0000] {dagbag.py:538} INFO - Filling up the DagBag from /opt/airflow/dags/src/lab.py
[2025-10-20T17:28:52.845+0000] {processor.py:755} WARNING - No viable dags retrieved from /opt/airflow/dags/src/lab.py
[2025-10-20T17:28:52.852+0000] {processor.py:175} INFO - Processing /opt/airflow/dags/src/lab.py took 0.263 seconds
[2025-10-20T17:29:23.163+0000] {processor.py:153} INFO - Started process (PID=3578) to work on /opt/airflow/dags/src/lab.py
[2025-10-20T17:29:23.164+0000] {processor.py:743} INFO - Processing file /opt/airflow/dags/src/lab.py for tasks to queue
[2025-10-20T17:29:23.165+0000] {logging_mixin.py:137} INFO - [2025-10-20T17:29:23.165+0000] {dagbag.py:538} INFO - Filling up the DagBag from /opt/airflow/dags/src/lab.py
[2025-10-20T17:29:23.430+0000] {processor.py:755} WARNING - No viable dags retrieved from /opt/airflow/dags/src/lab.py
[2025-10-20T17:29:23.435+0000] {processor.py:175} INFO - Processing /opt/airflow/dags/src/lab.py took 0.276 seconds
[2025-10-20T17:29:53.776+0000] {processor.py:153} INFO - Started process (PID=3675) to work on /opt/airflow/dags/src/lab.py
[2025-10-20T17:29:53.776+0000] {processor.py:743} INFO - Processing file /opt/airflow/dags/src/lab.py for tasks to queue
[2025-10-20T17:29:53.777+0000] {logging_mixin.py:137} INFO - [2025-10-20T17:29:53.777+0000] {dagbag.py:538} INFO - Filling up the DagBag from /opt/airflow/dags/src/lab.py
[2025-10-20T17:29:54.025+0000] {processor.py:755} WARNING - No viable dags retrieved from /opt/airflow/dags/src/lab.py
[2025-10-20T17:29:54.030+0000] {processor.py:175} INFO - Processing /opt/airflow/dags/src/lab.py took 0.256 seconds
[2025-10-20T17:30:24.408+0000] {processor.py:153} INFO - Started process (PID=3772) to work on /opt/airflow/dags/src/lab.py
[2025-10-20T17:30:24.410+0000] {processor.py:743} INFO - Processing file /opt/airflow/dags/src/lab.py for tasks to queue
[2025-10-20T17:30:24.411+0000] {logging_mixin.py:137} INFO - [2025-10-20T17:30:24.411+0000] {dagbag.py:538} INFO - Filling up the DagBag from /opt/airflow/dags/src/lab.py
[2025-10-20T17:30:24.729+0000] {processor.py:755} WARNING - No viable dags retrieved from /opt/airflow/dags/src/lab.py
[2025-10-20T17:30:24.736+0000] {processor.py:175} INFO - Processing /opt/airflow/dags/src/lab.py took 0.334 seconds
[2025-10-20T17:30:55.054+0000] {processor.py:153} INFO - Started process (PID=3869) to work on /opt/airflow/dags/src/lab.py
[2025-10-20T17:30:55.055+0000] {processor.py:743} INFO - Processing file /opt/airflow/dags/src/lab.py for tasks to queue
[2025-10-20T17:30:55.056+0000] {logging_mixin.py:137} INFO - [2025-10-20T17:30:55.055+0000] {dagbag.py:538} INFO - Filling up the DagBag from /opt/airflow/dags/src/lab.py
[2025-10-20T17:30:55.419+0000] {processor.py:755} WARNING - No viable dags retrieved from /opt/airflow/dags/src/lab.py
[2025-10-20T17:30:55.427+0000] {processor.py:175} INFO - Processing /opt/airflow/dags/src/lab.py took 0.375 seconds
[2025-10-20T17:31:25.686+0000] {processor.py:153} INFO - Started process (PID=3948) to work on /opt/airflow/dags/src/lab.py
[2025-10-20T17:31:25.687+0000] {processor.py:743} INFO - Processing file /opt/airflow/dags/src/lab.py for tasks to queue
[2025-10-20T17:31:25.688+0000] {logging_mixin.py:137} INFO - [2025-10-20T17:31:25.688+0000] {dagbag.py:538} INFO - Filling up the DagBag from /opt/airflow/dags/src/lab.py
[2025-10-20T17:31:25.954+0000] {processor.py:755} WARNING - No viable dags retrieved from /opt/airflow/dags/src/lab.py
[2025-10-20T17:31:25.961+0000] {processor.py:175} INFO - Processing /opt/airflow/dags/src/lab.py took 0.279 seconds
[2025-10-20T17:31:56.258+0000] {processor.py:153} INFO - Started process (PID=4045) to work on /opt/airflow/dags/src/lab.py
[2025-10-20T17:31:56.259+0000] {processor.py:743} INFO - Processing file /opt/airflow/dags/src/lab.py for tasks to queue
[2025-10-20T17:31:56.260+0000] {logging_mixin.py:137} INFO - [2025-10-20T17:31:56.260+0000] {dagbag.py:538} INFO - Filling up the DagBag from /opt/airflow/dags/src/lab.py
[2025-10-20T17:31:56.615+0000] {processor.py:755} WARNING - No viable dags retrieved from /opt/airflow/dags/src/lab.py
[2025-10-20T17:31:56.625+0000] {processor.py:175} INFO - Processing /opt/airflow/dags/src/lab.py took 0.373 seconds
[2025-10-20T17:32:26.924+0000] {processor.py:153} INFO - Started process (PID=4142) to work on /opt/airflow/dags/src/lab.py
[2025-10-20T17:32:26.926+0000] {processor.py:743} INFO - Processing file /opt/airflow/dags/src/lab.py for tasks to queue
[2025-10-20T17:32:26.926+0000] {logging_mixin.py:137} INFO - [2025-10-20T17:32:26.926+0000] {dagbag.py:538} INFO - Filling up the DagBag from /opt/airflow/dags/src/lab.py
[2025-10-20T17:32:27.188+0000] {processor.py:755} WARNING - No viable dags retrieved from /opt/airflow/dags/src/lab.py
[2025-10-20T17:32:27.193+0000] {processor.py:175} INFO - Processing /opt/airflow/dags/src/lab.py took 0.274 seconds
[2025-10-20T17:32:57.524+0000] {processor.py:153} INFO - Started process (PID=4239) to work on /opt/airflow/dags/src/lab.py
[2025-10-20T17:32:57.525+0000] {processor.py:743} INFO - Processing file /opt/airflow/dags/src/lab.py for tasks to queue
[2025-10-20T17:32:57.525+0000] {logging_mixin.py:137} INFO - [2025-10-20T17:32:57.525+0000] {dagbag.py:538} INFO - Filling up the DagBag from /opt/airflow/dags/src/lab.py
[2025-10-20T17:32:57.778+0000] {processor.py:755} WARNING - No viable dags retrieved from /opt/airflow/dags/src/lab.py
[2025-10-20T17:32:57.783+0000] {processor.py:175} INFO - Processing /opt/airflow/dags/src/lab.py took 0.264 seconds
[2025-10-20T17:33:28.117+0000] {processor.py:153} INFO - Started process (PID=4336) to work on /opt/airflow/dags/src/lab.py
[2025-10-20T17:33:28.120+0000] {processor.py:743} INFO - Processing file /opt/airflow/dags/src/lab.py for tasks to queue
[2025-10-20T17:33:28.121+0000] {logging_mixin.py:137} INFO - [2025-10-20T17:33:28.121+0000] {dagbag.py:538} INFO - Filling up the DagBag from /opt/airflow/dags/src/lab.py
[2025-10-20T17:33:28.504+0000] {processor.py:755} WARNING - No viable dags retrieved from /opt/airflow/dags/src/lab.py
[2025-10-20T17:33:28.516+0000] {processor.py:175} INFO - Processing /opt/airflow/dags/src/lab.py took 0.403 seconds
[2025-10-20T17:33:58.864+0000] {processor.py:153} INFO - Started process (PID=4415) to work on /opt/airflow/dags/src/lab.py
[2025-10-20T17:33:58.865+0000] {processor.py:743} INFO - Processing file /opt/airflow/dags/src/lab.py for tasks to queue
[2025-10-20T17:33:58.866+0000] {logging_mixin.py:137} INFO - [2025-10-20T17:33:58.866+0000] {dagbag.py:538} INFO - Filling up the DagBag from /opt/airflow/dags/src/lab.py
[2025-10-20T17:33:59.156+0000] {processor.py:755} WARNING - No viable dags retrieved from /opt/airflow/dags/src/lab.py
[2025-10-20T17:33:59.161+0000] {processor.py:175} INFO - Processing /opt/airflow/dags/src/lab.py took 0.300 seconds
[2025-10-20T17:34:29.517+0000] {processor.py:153} INFO - Started process (PID=4512) to work on /opt/airflow/dags/src/lab.py
[2025-10-20T17:34:29.519+0000] {processor.py:743} INFO - Processing file /opt/airflow/dags/src/lab.py for tasks to queue
[2025-10-20T17:34:29.520+0000] {logging_mixin.py:137} INFO - [2025-10-20T17:34:29.520+0000] {dagbag.py:538} INFO - Filling up the DagBag from /opt/airflow/dags/src/lab.py
[2025-10-20T17:34:29.799+0000] {processor.py:755} WARNING - No viable dags retrieved from /opt/airflow/dags/src/lab.py
[2025-10-20T17:34:29.805+0000] {processor.py:175} INFO - Processing /opt/airflow/dags/src/lab.py took 0.291 seconds
[2025-10-20T17:35:00.127+0000] {processor.py:153} INFO - Started process (PID=4609) to work on /opt/airflow/dags/src/lab.py
[2025-10-20T17:35:00.129+0000] {processor.py:743} INFO - Processing file /opt/airflow/dags/src/lab.py for tasks to queue
[2025-10-20T17:35:00.129+0000] {logging_mixin.py:137} INFO - [2025-10-20T17:35:00.129+0000] {dagbag.py:538} INFO - Filling up the DagBag from /opt/airflow/dags/src/lab.py
[2025-10-20T17:35:00.425+0000] {processor.py:755} WARNING - No viable dags retrieved from /opt/airflow/dags/src/lab.py
[2025-10-20T17:35:00.433+0000] {processor.py:175} INFO - Processing /opt/airflow/dags/src/lab.py took 0.309 seconds
[2025-10-20T17:35:30.732+0000] {processor.py:153} INFO - Started process (PID=4706) to work on /opt/airflow/dags/src/lab.py
[2025-10-20T17:35:30.734+0000] {processor.py:743} INFO - Processing file /opt/airflow/dags/src/lab.py for tasks to queue
[2025-10-20T17:35:30.734+0000] {logging_mixin.py:137} INFO - [2025-10-20T17:35:30.734+0000] {dagbag.py:538} INFO - Filling up the DagBag from /opt/airflow/dags/src/lab.py
[2025-10-20T17:35:31.000+0000] {processor.py:755} WARNING - No viable dags retrieved from /opt/airflow/dags/src/lab.py
[2025-10-20T17:35:31.006+0000] {processor.py:175} INFO - Processing /opt/airflow/dags/src/lab.py took 0.277 seconds
